2024-08-22 17:14:59,847 INFO [SpringContextShutdownHook][ExecutorConfigurationSupport.java:218] - Shutting down ExecutorService 'taskScheduler'
2024-08-22 17:14:59,847 INFO [SpringContextShutdownHook][ExecutorConfigurationSupport.java:218] - Shutting down ExecutorService 'taskScheduler'
2024-08-22 17:14:59,873 INFO [SpringContextShutdownHook][ExecutorConfigurationSupport.java:218] - Shutting down ExecutorService 'applicationTaskExecutor'
2024-08-22 17:14:59,873 INFO [SpringContextShutdownHook][ExecutorConfigurationSupport.java:218] - Shutting down ExecutorService 'applicationTaskExecutor'
2024-08-22 17:14:59,900 INFO [SpringContextShutdownHook][HikariDataSource.java:350] - HikariPool-1 - Shutdown initiated...
2024-08-22 17:14:59,900 INFO [SpringContextShutdownHook][HikariDataSource.java:350] - HikariPool-1 - Shutdown initiated...
2024-08-22 17:14:59,929 INFO [SpringContextShutdownHook][HikariDataSource.java:352] - HikariPool-1 - Shutdown completed.
2024-08-22 17:14:59,929 INFO [SpringContextShutdownHook][HikariDataSource.java:352] - HikariPool-1 - Shutdown completed.
2024-08-22 17:18:41,837 INFO [background-preinit][Version.java:21] - HV000001: Hibernate Validator 6.1.6.Final
2024-08-22 17:18:41,837 INFO [background-preinit][Version.java:21] - HV000001: Hibernate Validator 6.1.6.Final
2024-08-22 17:18:42,598 INFO [main][SpringApplication.java:651] - No active profile set, falling back to default profiles: default
2024-08-22 17:18:42,598 INFO [main][SpringApplication.java:651] - No active profile set, falling back to default profiles: default
2024-08-22 17:18:43,847 INFO [main][GenericScope.java:295] - BeanFactory id=33894c80-e47d-38e6-b29d-d575e93af849
2024-08-22 17:18:43,847 INFO [main][GenericScope.java:295] - BeanFactory id=33894c80-e47d-38e6-b29d-d575e93af849
2024-08-22 17:18:44,624 INFO [main][TomcatWebServer.java:108] - Tomcat initialized with port(s): 63040 (http)
2024-08-22 17:18:44,624 INFO [main][TomcatWebServer.java:108] - Tomcat initialized with port(s): 63040 (http)
2024-08-22 17:18:44,642 INFO [main][DirectJDKLog.java:173] - Initializing ProtocolHandler ["http-nio-63040"]
2024-08-22 17:18:44,642 INFO [main][DirectJDKLog.java:173] - Initializing ProtocolHandler ["http-nio-63040"]
2024-08-22 17:18:44,643 INFO [main][DirectJDKLog.java:173] - Starting service [Tomcat]
2024-08-22 17:18:44,643 INFO [main][DirectJDKLog.java:173] - Starting service [Tomcat]
2024-08-22 17:18:44,644 INFO [main][DirectJDKLog.java:173] - Starting Servlet engine: [Apache Tomcat/9.0.41]
2024-08-22 17:18:44,644 INFO [main][DirectJDKLog.java:173] - Starting Servlet engine: [Apache Tomcat/9.0.41]
2024-08-22 17:18:44,801 INFO [main][DirectJDKLog.java:173] - Initializing Spring embedded WebApplicationContext
2024-08-22 17:18:44,801 INFO [main][DirectJDKLog.java:173] - Initializing Spring embedded WebApplicationContext
2024-08-22 17:18:44,801 INFO [main][ServletWebServerApplicationContext.java:285] - Root WebApplicationContext: initialization completed in 2175 ms
2024-08-22 17:18:44,801 INFO [main][ServletWebServerApplicationContext.java:285] - Root WebApplicationContext: initialization completed in 2175 ms
2024-08-22 17:18:46,313 INFO [main][PropertySourcedRequestMappingHandlerMapping.java:69] - Mapped URL path [/v2/api-docs] onto method [springfox.documentation.swagger2.web.Swagger2Controller#getDocumentation(String, HttpServletRequest)]
2024-08-22 17:18:46,313 INFO [main][PropertySourcedRequestMappingHandlerMapping.java:69] - Mapped URL path [/v2/api-docs] onto method [springfox.documentation.swagger2.web.Swagger2Controller#getDocumentation(String, HttpServletRequest)]
2024-08-22 17:18:46,490 INFO [main][ExecutorConfigurationSupport.java:181] - Initializing ExecutorService 'applicationTaskExecutor'
2024-08-22 17:18:46,490 INFO [main][ExecutorConfigurationSupport.java:181] - Initializing ExecutorService 'applicationTaskExecutor'
2024-08-22 17:18:46,885 INFO [main][DirectJDKLog.java:173] - Starting ProtocolHandler ["http-nio-63040"]
2024-08-22 17:18:46,885 INFO [main][DirectJDKLog.java:173] - Starting ProtocolHandler ["http-nio-63040"]
2024-08-22 17:18:46,928 INFO [main][TomcatWebServer.java:220] - Tomcat started on port(s): 63040 (http) with context path '/content'
2024-08-22 17:18:46,928 INFO [main][TomcatWebServer.java:220] - Tomcat started on port(s): 63040 (http) with context path '/content'
2024-08-22 17:18:46,933 INFO [main][DocumentationPluginsBootstrapper.java:160] - Context refreshed
2024-08-22 17:18:46,933 INFO [main][DocumentationPluginsBootstrapper.java:160] - Context refreshed
2024-08-22 17:18:46,976 INFO [main][DocumentationPluginsBootstrapper.java:163] - Found 1 custom documentation plugin(s)
2024-08-22 17:18:46,976 INFO [main][DocumentationPluginsBootstrapper.java:163] - Found 1 custom documentation plugin(s)
2024-08-22 17:18:47,074 INFO [main][ApiListingReferenceScanner.java:41] - Scanning for api listing references
2024-08-22 17:18:47,074 INFO [main][ApiListingReferenceScanner.java:41] - Scanning for api listing references
2024-08-22 17:18:47,521 INFO [main][StartupInfoLogger.java:61] - Started ContentApplication in 6.46 seconds (JVM running for 14.453)
2024-08-22 17:18:47,521 INFO [main][StartupInfoLogger.java:61] - Started ContentApplication in 6.46 seconds (JVM running for 14.453)
2024-08-22 17:20:38,668 INFO [http-nio-63040-exec-1][DirectJDKLog.java:173] - Initializing Spring DispatcherServlet 'dispatcherServlet'
2024-08-22 17:20:38,668 INFO [http-nio-63040-exec-1][DirectJDKLog.java:173] - Initializing Spring DispatcherServlet 'dispatcherServlet'
2024-08-22 17:20:38,668 INFO [http-nio-63040-exec-1][FrameworkServlet.java:525] - Initializing Servlet 'dispatcherServlet'
2024-08-22 17:20:38,668 INFO [http-nio-63040-exec-1][FrameworkServlet.java:525] - Initializing Servlet 'dispatcherServlet'
2024-08-22 17:20:38,684 INFO [http-nio-63040-exec-1][FrameworkServlet.java:547] - Completed initialization in 15 ms
2024-08-22 17:20:38,684 INFO [http-nio-63040-exec-1][FrameworkServlet.java:547] - Completed initialization in 15 ms
2024-08-22 17:20:39,213 INFO [http-nio-63040-exec-1][HikariDataSource.java:110] - HikariPool-1 - Starting...
2024-08-22 17:20:39,213 INFO [http-nio-63040-exec-1][HikariDataSource.java:110] - HikariPool-1 - Starting...
2024-08-22 17:20:39,579 INFO [http-nio-63040-exec-1][HikariDataSource.java:123] - HikariPool-1 - Start completed.
2024-08-22 17:20:39,579 INFO [http-nio-63040-exec-1][HikariDataSource.java:123] - HikariPool-1 - Start completed.
2024-08-22 17:20:39,726 INFO [http-nio-63040-exec-1][CourseBaseInfoController.java:46] - 查询的值 PageResult(items=[CourseBase(id=18, companyId=1232141425, companyName=null, name=java零基础入门v2.0, users=java小白java小白java小白java小白, tags=aa, mt=1-3, st=1-3-2, grade=200001, teachmode=200002, description=java零基础入门v2.0java零基础入门v2.0java零基础入门v2.0java零基础入门v2.0, pic=/mediafiles/2022/12/18/a61805e1360ab946def5471aaefc0a98.jpg, createDate=Wed Sep 04 09:56:19 CST 2019, changeDate=Sun Dec 18 12:19:10 CST 2022, createPeople=null, changePeople=null, auditStatus=202004, status=203002)], counts=1, page=1, pageSize=10)
2024-08-22 17:20:39,726 INFO [http-nio-63040-exec-1][CourseBaseInfoController.java:46] - 查询的值 PageResult(items=[CourseBase(id=18, companyId=1232141425, companyName=null, name=java零基础入门v2.0, users=java小白java小白java小白java小白, tags=aa, mt=1-3, st=1-3-2, grade=200001, teachmode=200002, description=java零基础入门v2.0java零基础入门v2.0java零基础入门v2.0java零基础入门v2.0, pic=/mediafiles/2022/12/18/a61805e1360ab946def5471aaefc0a98.jpg, createDate=Wed Sep 04 09:56:19 CST 2019, changeDate=Sun Dec 18 12:19:10 CST 2022, createPeople=null, changePeople=null, auditStatus=202004, status=203002)], counts=1, page=1, pageSize=10)
2024-08-22 17:21:59,784 WARN [http-nio-63040-exec-3][AbstractHandlerExceptionResolver.java:199] - Resolved [org.springframework.web.HttpRequestMethodNotSupportedException: Request method 'POST' not supported]
2024-08-22 17:21:59,784 WARN [http-nio-63040-exec-3][AbstractHandlerExceptionResolver.java:199] - Resolved [org.springframework.web.HttpRequestMethodNotSupportedException: Request method 'POST' not supported]
2024-08-22 17:39:22,405 INFO [SpringContextShutdownHook][ExecutorConfigurationSupport.java:218] - Shutting down ExecutorService 'applicationTaskExecutor'
2024-08-22 17:39:22,405 INFO [SpringContextShutdownHook][ExecutorConfigurationSupport.java:218] - Shutting down ExecutorService 'applicationTaskExecutor'
2024-08-22 17:39:22,415 INFO [SpringContextShutdownHook][HikariDataSource.java:350] - HikariPool-1 - Shutdown initiated...
2024-08-22 17:39:22,415 INFO [SpringContextShutdownHook][HikariDataSource.java:350] - HikariPool-1 - Shutdown initiated...
2024-08-22 17:39:22,446 INFO [SpringContextShutdownHook][HikariDataSource.java:352] - HikariPool-1 - Shutdown completed.
2024-08-22 17:39:22,446 INFO [SpringContextShutdownHook][HikariDataSource.java:352] - HikariPool-1 - Shutdown completed.
2024-08-22 17:39:34,528 INFO [background-preinit][Version.java:21] - HV000001: Hibernate Validator 6.1.6.Final
2024-08-22 17:39:34,528 INFO [background-preinit][Version.java:21] - HV000001: Hibernate Validator 6.1.6.Final
2024-08-22 17:39:35,050 INFO [main][SpringApplication.java:651] - No active profile set, falling back to default profiles: default
2024-08-22 17:39:35,050 INFO [main][SpringApplication.java:651] - No active profile set, falling back to default profiles: default
2024-08-22 17:39:35,915 INFO [main][GenericScope.java:295] - BeanFactory id=33894c80-e47d-38e6-b29d-d575e93af849
2024-08-22 17:39:35,915 INFO [main][GenericScope.java:295] - BeanFactory id=33894c80-e47d-38e6-b29d-d575e93af849
2024-08-22 17:39:36,222 INFO [main][TomcatWebServer.java:108] - Tomcat initialized with port(s): 63040 (http)
2024-08-22 17:39:36,222 INFO [main][TomcatWebServer.java:108] - Tomcat initialized with port(s): 63040 (http)
2024-08-22 17:39:36,235 INFO [main][DirectJDKLog.java:173] - Initializing ProtocolHandler ["http-nio-63040"]
2024-08-22 17:39:36,235 INFO [main][DirectJDKLog.java:173] - Initializing ProtocolHandler ["http-nio-63040"]
2024-08-22 17:39:36,236 INFO [main][DirectJDKLog.java:173] - Starting service [Tomcat]
2024-08-22 17:39:36,236 INFO [main][DirectJDKLog.java:173] - Starting Servlet engine: [Apache Tomcat/9.0.41]
2024-08-22 17:39:36,236 INFO [main][DirectJDKLog.java:173] - Starting service [Tomcat]
2024-08-22 17:39:36,236 INFO [main][DirectJDKLog.java:173] - Starting Servlet engine: [Apache Tomcat/9.0.41]
2024-08-22 17:39:36,367 INFO [main][DirectJDKLog.java:173] - Initializing Spring embedded WebApplicationContext
2024-08-22 17:39:36,367 INFO [main][DirectJDKLog.java:173] - Initializing Spring embedded WebApplicationContext
2024-08-22 17:39:36,367 INFO [main][ServletWebServerApplicationContext.java:285] - Root WebApplicationContext: initialization completed in 1288 ms
2024-08-22 17:39:36,367 INFO [main][ServletWebServerApplicationContext.java:285] - Root WebApplicationContext: initialization completed in 1288 ms
2024-08-22 17:39:37,329 INFO [main][PropertySourcedRequestMappingHandlerMapping.java:69] - Mapped URL path [/v2/api-docs] onto method [springfox.documentation.swagger2.web.Swagger2Controller#getDocumentation(String, HttpServletRequest)]
2024-08-22 17:39:37,329 INFO [main][PropertySourcedRequestMappingHandlerMapping.java:69] - Mapped URL path [/v2/api-docs] onto method [springfox.documentation.swagger2.web.Swagger2Controller#getDocumentation(String, HttpServletRequest)]
2024-08-22 17:39:37,453 INFO [main][ExecutorConfigurationSupport.java:181] - Initializing ExecutorService 'applicationTaskExecutor'
2024-08-22 17:39:37,453 INFO [main][ExecutorConfigurationSupport.java:181] - Initializing ExecutorService 'applicationTaskExecutor'
2024-08-22 17:39:37,692 INFO [main][DirectJDKLog.java:173] - Starting ProtocolHandler ["http-nio-63040"]
2024-08-22 17:39:37,692 INFO [main][DirectJDKLog.java:173] - Starting ProtocolHandler ["http-nio-63040"]
2024-08-22 17:39:37,723 INFO [main][TomcatWebServer.java:220] - Tomcat started on port(s): 63040 (http) with context path '/content'
2024-08-22 17:39:37,723 INFO [main][TomcatWebServer.java:220] - Tomcat started on port(s): 63040 (http) with context path '/content'
2024-08-22 17:39:37,725 INFO [main][DocumentationPluginsBootstrapper.java:160] - Context refreshed
2024-08-22 17:39:37,725 INFO [main][DocumentationPluginsBootstrapper.java:160] - Context refreshed
2024-08-22 17:39:37,739 INFO [main][DocumentationPluginsBootstrapper.java:163] - Found 1 custom documentation plugin(s)
2024-08-22 17:39:37,739 INFO [main][DocumentationPluginsBootstrapper.java:163] - Found 1 custom documentation plugin(s)
2024-08-22 17:39:37,777 INFO [main][ApiListingReferenceScanner.java:41] - Scanning for api listing references
2024-08-22 17:39:37,777 INFO [main][ApiListingReferenceScanner.java:41] - Scanning for api listing references
2024-08-22 17:39:38,033 INFO [main][StartupInfoLogger.java:61] - Started ContentApplication in 3.986 seconds (JVM running for 9.88)
2024-08-22 17:39:38,033 INFO [main][StartupInfoLogger.java:61] - Started ContentApplication in 3.986 seconds (JVM running for 9.88)
2024-08-22 17:39:53,307 INFO [http-nio-63040-exec-1][DirectJDKLog.java:173] - Initializing Spring DispatcherServlet 'dispatcherServlet'
2024-08-22 17:39:53,307 INFO [http-nio-63040-exec-1][DirectJDKLog.java:173] - Initializing Spring DispatcherServlet 'dispatcherServlet'
2024-08-22 17:39:53,308 INFO [http-nio-63040-exec-1][FrameworkServlet.java:525] - Initializing Servlet 'dispatcherServlet'
2024-08-22 17:39:53,308 INFO [http-nio-63040-exec-1][FrameworkServlet.java:525] - Initializing Servlet 'dispatcherServlet'
2024-08-22 17:39:53,318 INFO [http-nio-63040-exec-1][FrameworkServlet.java:547] - Completed initialization in 9 ms
2024-08-22 17:39:53,318 INFO [http-nio-63040-exec-1][FrameworkServlet.java:547] - Completed initialization in 9 ms
2024-08-22 17:40:18,170 INFO [http-nio-63040-exec-1][HikariDataSource.java:110] - HikariPool-1 - Starting...
2024-08-22 17:40:18,170 INFO [http-nio-63040-exec-1][HikariDataSource.java:110] - HikariPool-1 - Starting...
2024-08-22 17:40:32,284 INFO [http-nio-63040-exec-1][HikariDataSource.java:123] - HikariPool-1 - Start completed.
2024-08-22 17:40:32,284 INFO [http-nio-63040-exec-1][HikariDataSource.java:123] - HikariPool-1 - Start completed.
2024-08-22 17:40:54,974 INFO [SpringContextShutdownHook][ExecutorConfigurationSupport.java:218] - Shutting down ExecutorService 'applicationTaskExecutor'
2024-08-22 17:40:54,974 INFO [SpringContextShutdownHook][ExecutorConfigurationSupport.java:218] - Shutting down ExecutorService 'applicationTaskExecutor'
2024-08-22 17:40:54,977 INFO [SpringContextShutdownHook][HikariDataSource.java:350] - HikariPool-1 - Shutdown initiated...
2024-08-22 17:40:54,977 INFO [SpringContextShutdownHook][HikariDataSource.java:350] - HikariPool-1 - Shutdown initiated...
2024-08-22 17:40:54,989 INFO [SpringContextShutdownHook][HikariDataSource.java:352] - HikariPool-1 - Shutdown completed.
2024-08-22 17:40:54,989 INFO [SpringContextShutdownHook][HikariDataSource.java:352] - HikariPool-1 - Shutdown completed.
2024-08-22 17:41:02,659 INFO [background-preinit][Version.java:21] - HV000001: Hibernate Validator 6.1.6.Final
2024-08-22 17:41:02,659 INFO [background-preinit][Version.java:21] - HV000001: Hibernate Validator 6.1.6.Final
2024-08-22 17:41:03,207 INFO [main][SpringApplication.java:651] - No active profile set, falling back to default profiles: default
2024-08-22 17:41:03,207 INFO [main][SpringApplication.java:651] - No active profile set, falling back to default profiles: default
2024-08-22 17:41:04,084 INFO [main][GenericScope.java:295] - BeanFactory id=33894c80-e47d-38e6-b29d-d575e93af849
2024-08-22 17:41:04,084 INFO [main][GenericScope.java:295] - BeanFactory id=33894c80-e47d-38e6-b29d-d575e93af849
2024-08-22 17:41:04,401 INFO [main][TomcatWebServer.java:108] - Tomcat initialized with port(s): 63040 (http)
2024-08-22 17:41:04,401 INFO [main][TomcatWebServer.java:108] - Tomcat initialized with port(s): 63040 (http)
2024-08-22 17:41:04,411 INFO [main][DirectJDKLog.java:173] - Initializing ProtocolHandler ["http-nio-63040"]
2024-08-22 17:41:04,411 INFO [main][DirectJDKLog.java:173] - Initializing ProtocolHandler ["http-nio-63040"]
2024-08-22 17:41:04,411 INFO [main][DirectJDKLog.java:173] - Starting service [Tomcat]
2024-08-22 17:41:04,411 INFO [main][DirectJDKLog.java:173] - Starting service [Tomcat]
2024-08-22 17:41:04,412 INFO [main][DirectJDKLog.java:173] - Starting Servlet engine: [Apache Tomcat/9.0.41]
2024-08-22 17:41:04,412 INFO [main][DirectJDKLog.java:173] - Starting Servlet engine: [Apache Tomcat/9.0.41]
2024-08-22 17:41:04,529 INFO [main][DirectJDKLog.java:173] - Initializing Spring embedded WebApplicationContext
2024-08-22 17:41:04,529 INFO [main][DirectJDKLog.java:173] - Initializing Spring embedded WebApplicationContext
2024-08-22 17:41:04,529 INFO [main][ServletWebServerApplicationContext.java:285] - Root WebApplicationContext: initialization completed in 1303 ms
2024-08-22 17:41:04,529 INFO [main][ServletWebServerApplicationContext.java:285] - Root WebApplicationContext: initialization completed in 1303 ms
2024-08-22 17:41:05,460 INFO [main][PropertySourcedRequestMappingHandlerMapping.java:69] - Mapped URL path [/v2/api-docs] onto method [springfox.documentation.swagger2.web.Swagger2Controller#getDocumentation(String, HttpServletRequest)]
2024-08-22 17:41:05,460 INFO [main][PropertySourcedRequestMappingHandlerMapping.java:69] - Mapped URL path [/v2/api-docs] onto method [springfox.documentation.swagger2.web.Swagger2Controller#getDocumentation(String, HttpServletRequest)]
2024-08-22 17:41:05,584 INFO [main][ExecutorConfigurationSupport.java:181] - Initializing ExecutorService 'applicationTaskExecutor'
2024-08-22 17:41:05,584 INFO [main][ExecutorConfigurationSupport.java:181] - Initializing ExecutorService 'applicationTaskExecutor'
2024-08-22 17:41:05,826 INFO [main][DirectJDKLog.java:173] - Starting ProtocolHandler ["http-nio-63040"]
2024-08-22 17:41:05,826 INFO [main][DirectJDKLog.java:173] - Starting ProtocolHandler ["http-nio-63040"]
2024-08-22 17:41:05,855 INFO [main][TomcatWebServer.java:220] - Tomcat started on port(s): 63040 (http) with context path '/content'
2024-08-22 17:41:05,855 INFO [main][TomcatWebServer.java:220] - Tomcat started on port(s): 63040 (http) with context path '/content'
2024-08-22 17:41:05,857 INFO [main][DocumentationPluginsBootstrapper.java:160] - Context refreshed
2024-08-22 17:41:05,857 INFO [main][DocumentationPluginsBootstrapper.java:160] - Context refreshed
2024-08-22 17:41:05,872 INFO [main][DocumentationPluginsBootstrapper.java:163] - Found 1 custom documentation plugin(s)
2024-08-22 17:41:05,872 INFO [main][DocumentationPluginsBootstrapper.java:163] - Found 1 custom documentation plugin(s)
2024-08-22 17:41:05,915 INFO [main][ApiListingReferenceScanner.java:41] - Scanning for api listing references
2024-08-22 17:41:05,915 INFO [main][ApiListingReferenceScanner.java:41] - Scanning for api listing references
2024-08-22 17:41:06,176 INFO [main][StartupInfoLogger.java:61] - Started ContentApplication in 4.006 seconds (JVM running for 9.92)
2024-08-22 17:41:06,176 INFO [main][StartupInfoLogger.java:61] - Started ContentApplication in 4.006 seconds (JVM running for 9.92)
2024-08-22 17:41:11,836 INFO [http-nio-63040-exec-1][DirectJDKLog.java:173] - Initializing Spring DispatcherServlet 'dispatcherServlet'
2024-08-22 17:41:11,836 INFO [http-nio-63040-exec-1][DirectJDKLog.java:173] - Initializing Spring DispatcherServlet 'dispatcherServlet'
2024-08-22 17:41:11,837 INFO [http-nio-63040-exec-1][FrameworkServlet.java:525] - Initializing Servlet 'dispatcherServlet'
2024-08-22 17:41:11,837 INFO [http-nio-63040-exec-1][FrameworkServlet.java:525] - Initializing Servlet 'dispatcherServlet'
2024-08-22 17:41:11,848 INFO [http-nio-63040-exec-1][FrameworkServlet.java:547] - Completed initialization in 10 ms
2024-08-22 17:41:11,848 INFO [http-nio-63040-exec-1][FrameworkServlet.java:547] - Completed initialization in 10 ms
2024-08-22 17:41:11,970 INFO [http-nio-63040-exec-1][HikariDataSource.java:110] - HikariPool-1 - Starting...
2024-08-22 17:41:11,970 INFO [http-nio-63040-exec-1][HikariDataSource.java:110] - HikariPool-1 - Starting...
2024-08-22 17:41:12,444 INFO [http-nio-63040-exec-1][HikariDataSource.java:123] - HikariPool-1 - Start completed.
2024-08-22 17:41:12,444 INFO [http-nio-63040-exec-1][HikariDataSource.java:123] - HikariPool-1 - Start completed.
2024-08-22 17:42:20,870 WARN [HikariPool-1 housekeeper][HikariPool.java:787] - HikariPool-1 - Thread starvation or clock leap detected (housekeeper delta=1m38s426ms).
2024-08-22 17:42:20,870 WARN [HikariPool-1 housekeeper][HikariPool.java:787] - HikariPool-1 - Thread starvation or clock leap detected (housekeeper delta=1m38s426ms).
2024-08-22 17:49:26,258 INFO [SpringContextShutdownHook][ExecutorConfigurationSupport.java:218] - Shutting down ExecutorService 'applicationTaskExecutor'
2024-08-22 17:49:26,258 INFO [SpringContextShutdownHook][ExecutorConfigurationSupport.java:218] - Shutting down ExecutorService 'applicationTaskExecutor'
2024-08-22 17:49:26,274 INFO [SpringContextShutdownHook][HikariDataSource.java:350] - HikariPool-1 - Shutdown initiated...
2024-08-22 17:49:26,274 INFO [SpringContextShutdownHook][HikariDataSource.java:350] - HikariPool-1 - Shutdown initiated...
2024-08-22 17:49:26,297 INFO [SpringContextShutdownHook][HikariDataSource.java:352] - HikariPool-1 - Shutdown completed.
2024-08-22 17:49:26,297 INFO [SpringContextShutdownHook][HikariDataSource.java:352] - HikariPool-1 - Shutdown completed.
2024-08-22 17:49:37,645 INFO [background-preinit][Version.java:21] - HV000001: Hibernate Validator 6.1.6.Final
2024-08-22 17:49:37,645 INFO [background-preinit][Version.java:21] - HV000001: Hibernate Validator 6.1.6.Final
2024-08-22 17:49:38,240 INFO [main][SpringApplication.java:651] - No active profile set, falling back to default profiles: default
2024-08-22 17:49:38,240 INFO [main][SpringApplication.java:651] - No active profile set, falling back to default profiles: default
2024-08-22 17:49:39,111 INFO [main][GenericScope.java:295] - BeanFactory id=33894c80-e47d-38e6-b29d-d575e93af849
2024-08-22 17:49:39,111 INFO [main][GenericScope.java:295] - BeanFactory id=33894c80-e47d-38e6-b29d-d575e93af849
2024-08-22 17:49:39,480 INFO [main][TomcatWebServer.java:108] - Tomcat initialized with port(s): 63040 (http)
2024-08-22 17:49:39,480 INFO [main][TomcatWebServer.java:108] - Tomcat initialized with port(s): 63040 (http)
2024-08-22 17:49:39,490 INFO [main][DirectJDKLog.java:173] - Initializing ProtocolHandler ["http-nio-63040"]
2024-08-22 17:49:39,490 INFO [main][DirectJDKLog.java:173] - Initializing ProtocolHandler ["http-nio-63040"]
2024-08-22 17:49:39,490 INFO [main][DirectJDKLog.java:173] - Starting service [Tomcat]
2024-08-22 17:49:39,490 INFO [main][DirectJDKLog.java:173] - Starting service [Tomcat]
2024-08-22 17:49:39,490 INFO [main][DirectJDKLog.java:173] - Starting Servlet engine: [Apache Tomcat/9.0.41]
2024-08-22 17:49:39,490 INFO [main][DirectJDKLog.java:173] - Starting Servlet engine: [Apache Tomcat/9.0.41]
2024-08-22 17:49:39,589 INFO [main][DirectJDKLog.java:173] - Initializing Spring embedded WebApplicationContext
2024-08-22 17:49:39,589 INFO [main][DirectJDKLog.java:173] - Initializing Spring embedded WebApplicationContext
2024-08-22 17:49:39,589 INFO [main][ServletWebServerApplicationContext.java:285] - Root WebApplicationContext: initialization completed in 1331 ms
2024-08-22 17:49:39,589 INFO [main][ServletWebServerApplicationContext.java:285] - Root WebApplicationContext: initialization completed in 1331 ms
2024-08-22 17:49:40,536 INFO [main][PropertySourcedRequestMappingHandlerMapping.java:69] - Mapped URL path [/v2/api-docs] onto method [springfox.documentation.swagger2.web.Swagger2Controller#getDocumentation(String, HttpServletRequest)]
2024-08-22 17:49:40,536 INFO [main][PropertySourcedRequestMappingHandlerMapping.java:69] - Mapped URL path [/v2/api-docs] onto method [springfox.documentation.swagger2.web.Swagger2Controller#getDocumentation(String, HttpServletRequest)]
2024-08-22 17:49:40,651 INFO [main][ExecutorConfigurationSupport.java:181] - Initializing ExecutorService 'applicationTaskExecutor'
2024-08-22 17:49:40,651 INFO [main][ExecutorConfigurationSupport.java:181] - Initializing ExecutorService 'applicationTaskExecutor'
2024-08-22 17:49:40,914 INFO [main][DirectJDKLog.java:173] - Starting ProtocolHandler ["http-nio-63040"]
2024-08-22 17:49:40,914 INFO [main][DirectJDKLog.java:173] - Starting ProtocolHandler ["http-nio-63040"]
2024-08-22 17:49:40,960 INFO [main][TomcatWebServer.java:220] - Tomcat started on port(s): 63040 (http) with context path '/content'
2024-08-22 17:49:40,960 INFO [main][TomcatWebServer.java:220] - Tomcat started on port(s): 63040 (http) with context path '/content'
2024-08-22 17:49:40,961 INFO [main][DocumentationPluginsBootstrapper.java:160] - Context refreshed
2024-08-22 17:49:40,961 INFO [main][DocumentationPluginsBootstrapper.java:160] - Context refreshed
2024-08-22 17:49:40,978 INFO [main][DocumentationPluginsBootstrapper.java:163] - Found 1 custom documentation plugin(s)
2024-08-22 17:49:40,978 INFO [main][DocumentationPluginsBootstrapper.java:163] - Found 1 custom documentation plugin(s)
2024-08-22 17:49:41,019 INFO [main][ApiListingReferenceScanner.java:41] - Scanning for api listing references
2024-08-22 17:49:41,019 INFO [main][ApiListingReferenceScanner.java:41] - Scanning for api listing references
2024-08-22 17:49:41,303 INFO [main][StartupInfoLogger.java:61] - Started ContentApplication in 4.135 seconds (JVM running for 10.047)
2024-08-22 17:49:41,303 INFO [main][StartupInfoLogger.java:61] - Started ContentApplication in 4.135 seconds (JVM running for 10.047)
2024-08-22 17:49:45,665 INFO [http-nio-63040-exec-1][DirectJDKLog.java:173] - Initializing Spring DispatcherServlet 'dispatcherServlet'
2024-08-22 17:49:45,665 INFO [http-nio-63040-exec-1][DirectJDKLog.java:173] - Initializing Spring DispatcherServlet 'dispatcherServlet'
2024-08-22 17:49:45,665 INFO [http-nio-63040-exec-1][FrameworkServlet.java:525] - Initializing Servlet 'dispatcherServlet'
2024-08-22 17:49:45,665 INFO [http-nio-63040-exec-1][FrameworkServlet.java:525] - Initializing Servlet 'dispatcherServlet'
2024-08-22 17:49:45,673 INFO [http-nio-63040-exec-1][FrameworkServlet.java:547] - Completed initialization in 7 ms
2024-08-22 17:49:45,673 INFO [http-nio-63040-exec-1][FrameworkServlet.java:547] - Completed initialization in 7 ms
2024-08-22 17:49:45,725 INFO [http-nio-63040-exec-1][HikariDataSource.java:110] - HikariPool-1 - Starting...
2024-08-22 17:49:45,725 INFO [http-nio-63040-exec-1][HikariDataSource.java:110] - HikariPool-1 - Starting...
2024-08-22 17:49:46,190 INFO [http-nio-63040-exec-1][HikariDataSource.java:123] - HikariPool-1 - Start completed.
2024-08-22 17:49:46,190 INFO [http-nio-63040-exec-1][HikariDataSource.java:123] - HikariPool-1 - Start completed.
2024-08-22 17:49:46,256 INFO [http-nio-63040-exec-1][CourseCategoryServiceImpl.java:36] - Course Category Tree DTOs: [CourseCategoryTreeDto(childrenTreeNodes=null), CourseCategoryTreeDto(childrenTreeNodes=null), CourseCategoryTreeDto(childrenTreeNodes=null), CourseCategoryTreeDto(childrenTreeNodes=null), CourseCategoryTreeDto(childrenTreeNodes=null), CourseCategoryTreeDto(childrenTreeNodes=null), CourseCategoryTreeDto(childrenTreeNodes=null), CourseCategoryTreeDto(childrenTreeNodes=null), CourseCategoryTreeDto(childrenTreeNodes=null), CourseCategoryTreeDto(childrenTreeNodes=null), CourseCategoryTreeDto(childrenTreeNodes=null), CourseCategoryTreeDto(childrenTreeNodes=null), CourseCategoryTreeDto(childrenTreeNodes=null), CourseCategoryTreeDto(childrenTreeNodes=null), CourseCategoryTreeDto(childrenTreeNodes=null), CourseCategoryTreeDto(childrenTreeNodes=null), CourseCategoryTreeDto(childrenTreeNodes=null), CourseCategoryTreeDto(childrenTreeNodes=null), CourseCategoryTreeDto(childrenTreeNodes=null), CourseCategoryTreeDto(childrenTreeNodes=null), CourseCategoryTreeDto(childrenTreeNodes=null), CourseCategoryTreeDto(childrenTreeNodes=null), CourseCategoryTreeDto(childrenTreeNodes=null), CourseCategoryTreeDto(childrenTreeNodes=null), CourseCategoryTreeDto(childrenTreeNodes=null), CourseCategoryTreeDto(childrenTreeNodes=null), CourseCategoryTreeDto(childrenTreeNodes=null), CourseCategoryTreeDto(childrenTreeNodes=null), CourseCategoryTreeDto(childrenTreeNodes=null), CourseCategoryTreeDto(childrenTreeNodes=null), CourseCategoryTreeDto(childrenTreeNodes=null), CourseCategoryTreeDto(childrenTreeNodes=null), CourseCategoryTreeDto(childrenTreeNodes=null), CourseCategoryTreeDto(childrenTreeNodes=null), CourseCategoryTreeDto(childrenTreeNodes=null), CourseCategoryTreeDto(childrenTreeNodes=null), CourseCategoryTreeDto(childrenTreeNodes=null), CourseCategoryTreeDto(childrenTreeNodes=null), CourseCategoryTreeDto(childrenTreeNodes=null), CourseCategoryTreeDto(childrenTreeNodes=null), CourseCategoryTreeDto(childrenTreeNodes=null), CourseCategoryTreeDto(childrenTreeNodes=null), CourseCategoryTreeDto(childrenTreeNodes=null), CourseCategoryTreeDto(childrenTreeNodes=null), CourseCategoryTreeDto(childrenTreeNodes=null), CourseCategoryTreeDto(childrenTreeNodes=null), CourseCategoryTreeDto(childrenTreeNodes=null), CourseCategoryTreeDto(childrenTreeNodes=null), CourseCategoryTreeDto(childrenTreeNodes=null), CourseCategoryTreeDto(childrenTreeNodes=null), CourseCategoryTreeDto(childrenTreeNodes=null), CourseCategoryTreeDto(childrenTreeNodes=null), CourseCategoryTreeDto(childrenTreeNodes=null), CourseCategoryTreeDto(childrenTreeNodes=null), CourseCategoryTreeDto(childrenTreeNodes=null), CourseCategoryTreeDto(childrenTreeNodes=null), CourseCategoryTreeDto(childrenTreeNodes=null), CourseCategoryTreeDto(childrenTreeNodes=null), CourseCategoryTreeDto(childrenTreeNodes=null), CourseCategoryTreeDto(childrenTreeNodes=null), CourseCategoryTreeDto(childrenTreeNodes=null), CourseCategoryTreeDto(childrenTreeNodes=null), CourseCategoryTreeDto(childrenTreeNodes=null), CourseCategoryTreeDto(childrenTreeNodes=null), CourseCategoryTreeDto(childrenTreeNodes=null), CourseCategoryTreeDto(childrenTreeNodes=null), CourseCategoryTreeDto(childrenTreeNodes=null), CourseCategoryTreeDto(childrenTreeNodes=null), CourseCategoryTreeDto(childrenTreeNodes=null), CourseCategoryTreeDto(childrenTreeNodes=null), CourseCategoryTreeDto(childrenTreeNodes=null), CourseCategoryTreeDto(childrenTreeNodes=null), CourseCategoryTreeDto(childrenTreeNodes=null), CourseCategoryTreeDto(childrenTreeNodes=null), CourseCategoryTreeDto(childrenTreeNodes=null), CourseCategoryTreeDto(childrenTreeNodes=null), CourseCategoryTreeDto(childrenTreeNodes=null), CourseCategoryTreeDto(childrenTreeNodes=null), CourseCategoryTreeDto(childrenTreeNodes=null), CourseCategoryTreeDto(childrenTreeNodes=null), CourseCategoryTreeDto(childrenTreeNodes=null), CourseCategoryTreeDto(childrenTreeNodes=null), CourseCategoryTreeDto(childrenTreeNodes=null), CourseCategoryTreeDto(childrenTreeNodes=null), CourseCategoryTreeDto(childrenTreeNodes=null), CourseCategoryTreeDto(childrenTreeNodes=null), CourseCategoryTreeDto(childrenTreeNodes=null), CourseCategoryTreeDto(childrenTreeNodes=null), CourseCategoryTreeDto(childrenTreeNodes=null), CourseCategoryTreeDto(childrenTreeNodes=null), CourseCategoryTreeDto(childrenTreeNodes=null), CourseCategoryTreeDto(childrenTreeNodes=null), CourseCategoryTreeDto(childrenTreeNodes=null), CourseCategoryTreeDto(childrenTreeNodes=null), CourseCategoryTreeDto(childrenTreeNodes=null), CourseCategoryTreeDto(childrenTreeNodes=null), CourseCategoryTreeDto(childrenTreeNodes=null), CourseCategoryTreeDto(childrenTreeNodes=null), CourseCategoryTreeDto(childrenTreeNodes=null), CourseCategoryTreeDto(childrenTreeNodes=null), CourseCategoryTreeDto(childrenTreeNodes=null), CourseCategoryTreeDto(childrenTreeNodes=null), CourseCategoryTreeDto(childrenTreeNodes=null), CourseCategoryTreeDto(childrenTreeNodes=null), CourseCategoryTreeDto(childrenTreeNodes=null), CourseCategoryTreeDto(childrenTreeNodes=null), CourseCategoryTreeDto(childrenTreeNodes=null), CourseCategoryTreeDto(childrenTreeNodes=null), CourseCategoryTreeDto(childrenTreeNodes=null), CourseCategoryTreeDto(childrenTreeNodes=null), CourseCategoryTreeDto(childrenTreeNodes=null), CourseCategoryTreeDto(childrenTreeNodes=null), CourseCategoryTreeDto(childrenTreeNodes=null), CourseCategoryTreeDto(childrenTreeNodes=null), CourseCategoryTreeDto(childrenTreeNodes=null), CourseCategoryTreeDto(childrenTreeNodes=null), CourseCategoryTreeDto(childrenTreeNodes=null), CourseCategoryTreeDto(childrenTreeNodes=null), CourseCategoryTreeDto(childrenTreeNodes=null), CourseCategoryTreeDto(childrenTreeNodes=null), CourseCategoryTreeDto(childrenTreeNodes=null), CourseCategoryTreeDto(childrenTreeNodes=null), CourseCategoryTreeDto(childrenTreeNodes=null), CourseCategoryTreeDto(childrenTreeNodes=null), CourseCategoryTreeDto(childrenTreeNodes=null), CourseCategoryTreeDto(childrenTreeNodes=null), CourseCategoryTreeDto(childrenTreeNodes=null), CourseCategoryTreeDto(childrenTreeNodes=null), CourseCategoryTreeDto(childrenTreeNodes=null), CourseCategoryTreeDto(childrenTreeNodes=null), CourseCategoryTreeDto(childrenTreeNodes=null), CourseCategoryTreeDto(childrenTreeNodes=null), CourseCategoryTreeDto(childrenTreeNodes=null), CourseCategoryTreeDto(childrenTreeNodes=null), CourseCategoryTreeDto(childrenTreeNodes=null), CourseCategoryTreeDto(childrenTreeNodes=null), CourseCategoryTreeDto(childrenTreeNodes=null), CourseCategoryTreeDto(childrenTreeNodes=null), CourseCategoryTreeDto(childrenTreeNodes=null), CourseCategoryTreeDto(childrenTreeNodes=null), CourseCategoryTreeDto(childrenTreeNodes=null), CourseCategoryTreeDto(childrenTreeNodes=null), CourseCategoryTreeDto(childrenTreeNodes=null), CourseCategoryTreeDto(childrenTreeNodes=null)]
2024-08-22 17:49:46,256 INFO [http-nio-63040-exec-1][CourseCategoryServiceImpl.java:36] - Course Category Tree DTOs: [CourseCategoryTreeDto(childrenTreeNodes=null), CourseCategoryTreeDto(childrenTreeNodes=null), CourseCategoryTreeDto(childrenTreeNodes=null), CourseCategoryTreeDto(childrenTreeNodes=null), CourseCategoryTreeDto(childrenTreeNodes=null), CourseCategoryTreeDto(childrenTreeNodes=null), CourseCategoryTreeDto(childrenTreeNodes=null), CourseCategoryTreeDto(childrenTreeNodes=null), CourseCategoryTreeDto(childrenTreeNodes=null), CourseCategoryTreeDto(childrenTreeNodes=null), CourseCategoryTreeDto(childrenTreeNodes=null), CourseCategoryTreeDto(childrenTreeNodes=null), CourseCategoryTreeDto(childrenTreeNodes=null), CourseCategoryTreeDto(childrenTreeNodes=null), CourseCategoryTreeDto(childrenTreeNodes=null), CourseCategoryTreeDto(childrenTreeNodes=null), CourseCategoryTreeDto(childrenTreeNodes=null), CourseCategoryTreeDto(childrenTreeNodes=null), CourseCategoryTreeDto(childrenTreeNodes=null), CourseCategoryTreeDto(childrenTreeNodes=null), CourseCategoryTreeDto(childrenTreeNodes=null), CourseCategoryTreeDto(childrenTreeNodes=null), CourseCategoryTreeDto(childrenTreeNodes=null), CourseCategoryTreeDto(childrenTreeNodes=null), CourseCategoryTreeDto(childrenTreeNodes=null), CourseCategoryTreeDto(childrenTreeNodes=null), CourseCategoryTreeDto(childrenTreeNodes=null), CourseCategoryTreeDto(childrenTreeNodes=null), CourseCategoryTreeDto(childrenTreeNodes=null), CourseCategoryTreeDto(childrenTreeNodes=null), CourseCategoryTreeDto(childrenTreeNodes=null), CourseCategoryTreeDto(childrenTreeNodes=null), CourseCategoryTreeDto(childrenTreeNodes=null), CourseCategoryTreeDto(childrenTreeNodes=null), CourseCategoryTreeDto(childrenTreeNodes=null), CourseCategoryTreeDto(childrenTreeNodes=null), CourseCategoryTreeDto(childrenTreeNodes=null), CourseCategoryTreeDto(childrenTreeNodes=null), CourseCategoryTreeDto(childrenTreeNodes=null), CourseCategoryTreeDto(childrenTreeNodes=null), CourseCategoryTreeDto(childrenTreeNodes=null), CourseCategoryTreeDto(childrenTreeNodes=null), CourseCategoryTreeDto(childrenTreeNodes=null), CourseCategoryTreeDto(childrenTreeNodes=null), CourseCategoryTreeDto(childrenTreeNodes=null), CourseCategoryTreeDto(childrenTreeNodes=null), CourseCategoryTreeDto(childrenTreeNodes=null), CourseCategoryTreeDto(childrenTreeNodes=null), CourseCategoryTreeDto(childrenTreeNodes=null), CourseCategoryTreeDto(childrenTreeNodes=null), CourseCategoryTreeDto(childrenTreeNodes=null), CourseCategoryTreeDto(childrenTreeNodes=null), CourseCategoryTreeDto(childrenTreeNodes=null), CourseCategoryTreeDto(childrenTreeNodes=null), CourseCategoryTreeDto(childrenTreeNodes=null), CourseCategoryTreeDto(childrenTreeNodes=null), CourseCategoryTreeDto(childrenTreeNodes=null), CourseCategoryTreeDto(childrenTreeNodes=null), CourseCategoryTreeDto(childrenTreeNodes=null), CourseCategoryTreeDto(childrenTreeNodes=null), CourseCategoryTreeDto(childrenTreeNodes=null), CourseCategoryTreeDto(childrenTreeNodes=null), CourseCategoryTreeDto(childrenTreeNodes=null), CourseCategoryTreeDto(childrenTreeNodes=null), CourseCategoryTreeDto(childrenTreeNodes=null), CourseCategoryTreeDto(childrenTreeNodes=null), CourseCategoryTreeDto(childrenTreeNodes=null), CourseCategoryTreeDto(childrenTreeNodes=null), CourseCategoryTreeDto(childrenTreeNodes=null), CourseCategoryTreeDto(childrenTreeNodes=null), CourseCategoryTreeDto(childrenTreeNodes=null), CourseCategoryTreeDto(childrenTreeNodes=null), CourseCategoryTreeDto(childrenTreeNodes=null), CourseCategoryTreeDto(childrenTreeNodes=null), CourseCategoryTreeDto(childrenTreeNodes=null), CourseCategoryTreeDto(childrenTreeNodes=null), CourseCategoryTreeDto(childrenTreeNodes=null), CourseCategoryTreeDto(childrenTreeNodes=null), CourseCategoryTreeDto(childrenTreeNodes=null), CourseCategoryTreeDto(childrenTreeNodes=null), CourseCategoryTreeDto(childrenTreeNodes=null), CourseCategoryTreeDto(childrenTreeNodes=null), CourseCategoryTreeDto(childrenTreeNodes=null), CourseCategoryTreeDto(childrenTreeNodes=null), CourseCategoryTreeDto(childrenTreeNodes=null), CourseCategoryTreeDto(childrenTreeNodes=null), CourseCategoryTreeDto(childrenTreeNodes=null), CourseCategoryTreeDto(childrenTreeNodes=null), CourseCategoryTreeDto(childrenTreeNodes=null), CourseCategoryTreeDto(childrenTreeNodes=null), CourseCategoryTreeDto(childrenTreeNodes=null), CourseCategoryTreeDto(childrenTreeNodes=null), CourseCategoryTreeDto(childrenTreeNodes=null), CourseCategoryTreeDto(childrenTreeNodes=null), CourseCategoryTreeDto(childrenTreeNodes=null), CourseCategoryTreeDto(childrenTreeNodes=null), CourseCategoryTreeDto(childrenTreeNodes=null), CourseCategoryTreeDto(childrenTreeNodes=null), CourseCategoryTreeDto(childrenTreeNodes=null), CourseCategoryTreeDto(childrenTreeNodes=null), CourseCategoryTreeDto(childrenTreeNodes=null), CourseCategoryTreeDto(childrenTreeNodes=null), CourseCategoryTreeDto(childrenTreeNodes=null), CourseCategoryTreeDto(childrenTreeNodes=null), CourseCategoryTreeDto(childrenTreeNodes=null), CourseCategoryTreeDto(childrenTreeNodes=null), CourseCategoryTreeDto(childrenTreeNodes=null), CourseCategoryTreeDto(childrenTreeNodes=null), CourseCategoryTreeDto(childrenTreeNodes=null), CourseCategoryTreeDto(childrenTreeNodes=null), CourseCategoryTreeDto(childrenTreeNodes=null), CourseCategoryTreeDto(childrenTreeNodes=null), CourseCategoryTreeDto(childrenTreeNodes=null), CourseCategoryTreeDto(childrenTreeNodes=null), CourseCategoryTreeDto(childrenTreeNodes=null), CourseCategoryTreeDto(childrenTreeNodes=null), CourseCategoryTreeDto(childrenTreeNodes=null), CourseCategoryTreeDto(childrenTreeNodes=null), CourseCategoryTreeDto(childrenTreeNodes=null), CourseCategoryTreeDto(childrenTreeNodes=null), CourseCategoryTreeDto(childrenTreeNodes=null), CourseCategoryTreeDto(childrenTreeNodes=null), CourseCategoryTreeDto(childrenTreeNodes=null), CourseCategoryTreeDto(childrenTreeNodes=null), CourseCategoryTreeDto(childrenTreeNodes=null), CourseCategoryTreeDto(childrenTreeNodes=null), CourseCategoryTreeDto(childrenTreeNodes=null), CourseCategoryTreeDto(childrenTreeNodes=null), CourseCategoryTreeDto(childrenTreeNodes=null), CourseCategoryTreeDto(childrenTreeNodes=null), CourseCategoryTreeDto(childrenTreeNodes=null), CourseCategoryTreeDto(childrenTreeNodes=null), CourseCategoryTreeDto(childrenTreeNodes=null), CourseCategoryTreeDto(childrenTreeNodes=null), CourseCategoryTreeDto(childrenTreeNodes=null), CourseCategoryTreeDto(childrenTreeNodes=null), CourseCategoryTreeDto(childrenTreeNodes=null), CourseCategoryTreeDto(childrenTreeNodes=null), CourseCategoryTreeDto(childrenTreeNodes=null), CourseCategoryTreeDto(childrenTreeNodes=null), CourseCategoryTreeDto(childrenTreeNodes=null), CourseCategoryTreeDto(childrenTreeNodes=null), CourseCategoryTreeDto(childrenTreeNodes=null), CourseCategoryTreeDto(childrenTreeNodes=null)]
2024-08-22 17:52:16,345 INFO [http-nio-63040-exec-3][CourseCategoryServiceImpl.java:36] - Course Category Tree DTOs: [CourseCategoryTreeDto(childrenTreeNodes=null), CourseCategoryTreeDto(childrenTreeNodes=null), CourseCategoryTreeDto(childrenTreeNodes=null), CourseCategoryTreeDto(childrenTreeNodes=null), CourseCategoryTreeDto(childrenTreeNodes=null), CourseCategoryTreeDto(childrenTreeNodes=null), CourseCategoryTreeDto(childrenTreeNodes=null), CourseCategoryTreeDto(childrenTreeNodes=null), CourseCategoryTreeDto(childrenTreeNodes=null), CourseCategoryTreeDto(childrenTreeNodes=null), CourseCategoryTreeDto(childrenTreeNodes=null), CourseCategoryTreeDto(childrenTreeNodes=null), CourseCategoryTreeDto(childrenTreeNodes=null), CourseCategoryTreeDto(childrenTreeNodes=null), CourseCategoryTreeDto(childrenTreeNodes=null), CourseCategoryTreeDto(childrenTreeNodes=null), CourseCategoryTreeDto(childrenTreeNodes=null), CourseCategoryTreeDto(childrenTreeNodes=null), CourseCategoryTreeDto(childrenTreeNodes=null), CourseCategoryTreeDto(childrenTreeNodes=null), CourseCategoryTreeDto(childrenTreeNodes=null), CourseCategoryTreeDto(childrenTreeNodes=null), CourseCategoryTreeDto(childrenTreeNodes=null), CourseCategoryTreeDto(childrenTreeNodes=null), CourseCategoryTreeDto(childrenTreeNodes=null), CourseCategoryTreeDto(childrenTreeNodes=null), CourseCategoryTreeDto(childrenTreeNodes=null), CourseCategoryTreeDto(childrenTreeNodes=null), CourseCategoryTreeDto(childrenTreeNodes=null), CourseCategoryTreeDto(childrenTreeNodes=null), CourseCategoryTreeDto(childrenTreeNodes=null), CourseCategoryTreeDto(childrenTreeNodes=null), CourseCategoryTreeDto(childrenTreeNodes=null), CourseCategoryTreeDto(childrenTreeNodes=null), CourseCategoryTreeDto(childrenTreeNodes=null), CourseCategoryTreeDto(childrenTreeNodes=null), CourseCategoryTreeDto(childrenTreeNodes=null), CourseCategoryTreeDto(childrenTreeNodes=null), CourseCategoryTreeDto(childrenTreeNodes=null), CourseCategoryTreeDto(childrenTreeNodes=null), CourseCategoryTreeDto(childrenTreeNodes=null), CourseCategoryTreeDto(childrenTreeNodes=null), CourseCategoryTreeDto(childrenTreeNodes=null), CourseCategoryTreeDto(childrenTreeNodes=null), CourseCategoryTreeDto(childrenTreeNodes=null), CourseCategoryTreeDto(childrenTreeNodes=null), CourseCategoryTreeDto(childrenTreeNodes=null), CourseCategoryTreeDto(childrenTreeNodes=null), CourseCategoryTreeDto(childrenTreeNodes=null), CourseCategoryTreeDto(childrenTreeNodes=null), CourseCategoryTreeDto(childrenTreeNodes=null), CourseCategoryTreeDto(childrenTreeNodes=null), CourseCategoryTreeDto(childrenTreeNodes=null), CourseCategoryTreeDto(childrenTreeNodes=null), CourseCategoryTreeDto(childrenTreeNodes=null), CourseCategoryTreeDto(childrenTreeNodes=null), CourseCategoryTreeDto(childrenTreeNodes=null), CourseCategoryTreeDto(childrenTreeNodes=null), CourseCategoryTreeDto(childrenTreeNodes=null), CourseCategoryTreeDto(childrenTreeNodes=null), CourseCategoryTreeDto(childrenTreeNodes=null), CourseCategoryTreeDto(childrenTreeNodes=null), CourseCategoryTreeDto(childrenTreeNodes=null), CourseCategoryTreeDto(childrenTreeNodes=null), CourseCategoryTreeDto(childrenTreeNodes=null), CourseCategoryTreeDto(childrenTreeNodes=null), CourseCategoryTreeDto(childrenTreeNodes=null), CourseCategoryTreeDto(childrenTreeNodes=null), CourseCategoryTreeDto(childrenTreeNodes=null), CourseCategoryTreeDto(childrenTreeNodes=null), CourseCategoryTreeDto(childrenTreeNodes=null), CourseCategoryTreeDto(childrenTreeNodes=null), CourseCategoryTreeDto(childrenTreeNodes=null), CourseCategoryTreeDto(childrenTreeNodes=null), CourseCategoryTreeDto(childrenTreeNodes=null), CourseCategoryTreeDto(childrenTreeNodes=null), CourseCategoryTreeDto(childrenTreeNodes=null), CourseCategoryTreeDto(childrenTreeNodes=null), CourseCategoryTreeDto(childrenTreeNodes=null), CourseCategoryTreeDto(childrenTreeNodes=null), CourseCategoryTreeDto(childrenTreeNodes=null), CourseCategoryTreeDto(childrenTreeNodes=null), CourseCategoryTreeDto(childrenTreeNodes=null), CourseCategoryTreeDto(childrenTreeNodes=null), CourseCategoryTreeDto(childrenTreeNodes=null), CourseCategoryTreeDto(childrenTreeNodes=null), CourseCategoryTreeDto(childrenTreeNodes=null), CourseCategoryTreeDto(childrenTreeNodes=null), CourseCategoryTreeDto(childrenTreeNodes=null), CourseCategoryTreeDto(childrenTreeNodes=null), CourseCategoryTreeDto(childrenTreeNodes=null), CourseCategoryTreeDto(childrenTreeNodes=null), CourseCategoryTreeDto(childrenTreeNodes=null), CourseCategoryTreeDto(childrenTreeNodes=null), CourseCategoryTreeDto(childrenTreeNodes=null), CourseCategoryTreeDto(childrenTreeNodes=null), CourseCategoryTreeDto(childrenTreeNodes=null), CourseCategoryTreeDto(childrenTreeNodes=null), CourseCategoryTreeDto(childrenTreeNodes=null), CourseCategoryTreeDto(childrenTreeNodes=null), CourseCategoryTreeDto(childrenTreeNodes=null), CourseCategoryTreeDto(childrenTreeNodes=null), CourseCategoryTreeDto(childrenTreeNodes=null), CourseCategoryTreeDto(childrenTreeNodes=null), CourseCategoryTreeDto(childrenTreeNodes=null), CourseCategoryTreeDto(childrenTreeNodes=null), CourseCategoryTreeDto(childrenTreeNodes=null), CourseCategoryTreeDto(childrenTreeNodes=null), CourseCategoryTreeDto(childrenTreeNodes=null), CourseCategoryTreeDto(childrenTreeNodes=null), CourseCategoryTreeDto(childrenTreeNodes=null), CourseCategoryTreeDto(childrenTreeNodes=null), CourseCategoryTreeDto(childrenTreeNodes=null), CourseCategoryTreeDto(childrenTreeNodes=null), CourseCategoryTreeDto(childrenTreeNodes=null), CourseCategoryTreeDto(childrenTreeNodes=null), CourseCategoryTreeDto(childrenTreeNodes=null), CourseCategoryTreeDto(childrenTreeNodes=null), CourseCategoryTreeDto(childrenTreeNodes=null), CourseCategoryTreeDto(childrenTreeNodes=null), CourseCategoryTreeDto(childrenTreeNodes=null), CourseCategoryTreeDto(childrenTreeNodes=null), CourseCategoryTreeDto(childrenTreeNodes=null), CourseCategoryTreeDto(childrenTreeNodes=null), CourseCategoryTreeDto(childrenTreeNodes=null), CourseCategoryTreeDto(childrenTreeNodes=null), CourseCategoryTreeDto(childrenTreeNodes=null), CourseCategoryTreeDto(childrenTreeNodes=null), CourseCategoryTreeDto(childrenTreeNodes=null), CourseCategoryTreeDto(childrenTreeNodes=null), CourseCategoryTreeDto(childrenTreeNodes=null), CourseCategoryTreeDto(childrenTreeNodes=null), CourseCategoryTreeDto(childrenTreeNodes=null), CourseCategoryTreeDto(childrenTreeNodes=null), CourseCategoryTreeDto(childrenTreeNodes=null), CourseCategoryTreeDto(childrenTreeNodes=null), CourseCategoryTreeDto(childrenTreeNodes=null), CourseCategoryTreeDto(childrenTreeNodes=null), CourseCategoryTreeDto(childrenTreeNodes=null), CourseCategoryTreeDto(childrenTreeNodes=null), CourseCategoryTreeDto(childrenTreeNodes=null), CourseCategoryTreeDto(childrenTreeNodes=null), CourseCategoryTreeDto(childrenTreeNodes=null), CourseCategoryTreeDto(childrenTreeNodes=null)]
2024-08-22 17:52:16,345 INFO [http-nio-63040-exec-3][CourseCategoryServiceImpl.java:36] - Course Category Tree DTOs: [CourseCategoryTreeDto(childrenTreeNodes=null), CourseCategoryTreeDto(childrenTreeNodes=null), CourseCategoryTreeDto(childrenTreeNodes=null), CourseCategoryTreeDto(childrenTreeNodes=null), CourseCategoryTreeDto(childrenTreeNodes=null), CourseCategoryTreeDto(childrenTreeNodes=null), CourseCategoryTreeDto(childrenTreeNodes=null), CourseCategoryTreeDto(childrenTreeNodes=null), CourseCategoryTreeDto(childrenTreeNodes=null), CourseCategoryTreeDto(childrenTreeNodes=null), CourseCategoryTreeDto(childrenTreeNodes=null), CourseCategoryTreeDto(childrenTreeNodes=null), CourseCategoryTreeDto(childrenTreeNodes=null), CourseCategoryTreeDto(childrenTreeNodes=null), CourseCategoryTreeDto(childrenTreeNodes=null), CourseCategoryTreeDto(childrenTreeNodes=null), CourseCategoryTreeDto(childrenTreeNodes=null), CourseCategoryTreeDto(childrenTreeNodes=null), CourseCategoryTreeDto(childrenTreeNodes=null), CourseCategoryTreeDto(childrenTreeNodes=null), CourseCategoryTreeDto(childrenTreeNodes=null), CourseCategoryTreeDto(childrenTreeNodes=null), CourseCategoryTreeDto(childrenTreeNodes=null), CourseCategoryTreeDto(childrenTreeNodes=null), CourseCategoryTreeDto(childrenTreeNodes=null), CourseCategoryTreeDto(childrenTreeNodes=null), CourseCategoryTreeDto(childrenTreeNodes=null), CourseCategoryTreeDto(childrenTreeNodes=null), CourseCategoryTreeDto(childrenTreeNodes=null), CourseCategoryTreeDto(childrenTreeNodes=null), CourseCategoryTreeDto(childrenTreeNodes=null), CourseCategoryTreeDto(childrenTreeNodes=null), CourseCategoryTreeDto(childrenTreeNodes=null), CourseCategoryTreeDto(childrenTreeNodes=null), CourseCategoryTreeDto(childrenTreeNodes=null), CourseCategoryTreeDto(childrenTreeNodes=null), CourseCategoryTreeDto(childrenTreeNodes=null), CourseCategoryTreeDto(childrenTreeNodes=null), CourseCategoryTreeDto(childrenTreeNodes=null), CourseCategoryTreeDto(childrenTreeNodes=null), CourseCategoryTreeDto(childrenTreeNodes=null), CourseCategoryTreeDto(childrenTreeNodes=null), CourseCategoryTreeDto(childrenTreeNodes=null), CourseCategoryTreeDto(childrenTreeNodes=null), CourseCategoryTreeDto(childrenTreeNodes=null), CourseCategoryTreeDto(childrenTreeNodes=null), CourseCategoryTreeDto(childrenTreeNodes=null), CourseCategoryTreeDto(childrenTreeNodes=null), CourseCategoryTreeDto(childrenTreeNodes=null), CourseCategoryTreeDto(childrenTreeNodes=null), CourseCategoryTreeDto(childrenTreeNodes=null), CourseCategoryTreeDto(childrenTreeNodes=null), CourseCategoryTreeDto(childrenTreeNodes=null), CourseCategoryTreeDto(childrenTreeNodes=null), CourseCategoryTreeDto(childrenTreeNodes=null), CourseCategoryTreeDto(childrenTreeNodes=null), CourseCategoryTreeDto(childrenTreeNodes=null), CourseCategoryTreeDto(childrenTreeNodes=null), CourseCategoryTreeDto(childrenTreeNodes=null), CourseCategoryTreeDto(childrenTreeNodes=null), CourseCategoryTreeDto(childrenTreeNodes=null), CourseCategoryTreeDto(childrenTreeNodes=null), CourseCategoryTreeDto(childrenTreeNodes=null), CourseCategoryTreeDto(childrenTreeNodes=null), CourseCategoryTreeDto(childrenTreeNodes=null), CourseCategoryTreeDto(childrenTreeNodes=null), CourseCategoryTreeDto(childrenTreeNodes=null), CourseCategoryTreeDto(childrenTreeNodes=null), CourseCategoryTreeDto(childrenTreeNodes=null), CourseCategoryTreeDto(childrenTreeNodes=null), CourseCategoryTreeDto(childrenTreeNodes=null), CourseCategoryTreeDto(childrenTreeNodes=null), CourseCategoryTreeDto(childrenTreeNodes=null), CourseCategoryTreeDto(childrenTreeNodes=null), CourseCategoryTreeDto(childrenTreeNodes=null), CourseCategoryTreeDto(childrenTreeNodes=null), CourseCategoryTreeDto(childrenTreeNodes=null), CourseCategoryTreeDto(childrenTreeNodes=null), CourseCategoryTreeDto(childrenTreeNodes=null), CourseCategoryTreeDto(childrenTreeNodes=null), CourseCategoryTreeDto(childrenTreeNodes=null), CourseCategoryTreeDto(childrenTreeNodes=null), CourseCategoryTreeDto(childrenTreeNodes=null), CourseCategoryTreeDto(childrenTreeNodes=null), CourseCategoryTreeDto(childrenTreeNodes=null), CourseCategoryTreeDto(childrenTreeNodes=null), CourseCategoryTreeDto(childrenTreeNodes=null), CourseCategoryTreeDto(childrenTreeNodes=null), CourseCategoryTreeDto(childrenTreeNodes=null), CourseCategoryTreeDto(childrenTreeNodes=null), CourseCategoryTreeDto(childrenTreeNodes=null), CourseCategoryTreeDto(childrenTreeNodes=null), CourseCategoryTreeDto(childrenTreeNodes=null), CourseCategoryTreeDto(childrenTreeNodes=null), CourseCategoryTreeDto(childrenTreeNodes=null), CourseCategoryTreeDto(childrenTreeNodes=null), CourseCategoryTreeDto(childrenTreeNodes=null), CourseCategoryTreeDto(childrenTreeNodes=null), CourseCategoryTreeDto(childrenTreeNodes=null), CourseCategoryTreeDto(childrenTreeNodes=null), CourseCategoryTreeDto(childrenTreeNodes=null), CourseCategoryTreeDto(childrenTreeNodes=null), CourseCategoryTreeDto(childrenTreeNodes=null), CourseCategoryTreeDto(childrenTreeNodes=null), CourseCategoryTreeDto(childrenTreeNodes=null), CourseCategoryTreeDto(childrenTreeNodes=null), CourseCategoryTreeDto(childrenTreeNodes=null), CourseCategoryTreeDto(childrenTreeNodes=null), CourseCategoryTreeDto(childrenTreeNodes=null), CourseCategoryTreeDto(childrenTreeNodes=null), CourseCategoryTreeDto(childrenTreeNodes=null), CourseCategoryTreeDto(childrenTreeNodes=null), CourseCategoryTreeDto(childrenTreeNodes=null), CourseCategoryTreeDto(childrenTreeNodes=null), CourseCategoryTreeDto(childrenTreeNodes=null), CourseCategoryTreeDto(childrenTreeNodes=null), CourseCategoryTreeDto(childrenTreeNodes=null), CourseCategoryTreeDto(childrenTreeNodes=null), CourseCategoryTreeDto(childrenTreeNodes=null), CourseCategoryTreeDto(childrenTreeNodes=null), CourseCategoryTreeDto(childrenTreeNodes=null), CourseCategoryTreeDto(childrenTreeNodes=null), CourseCategoryTreeDto(childrenTreeNodes=null), CourseCategoryTreeDto(childrenTreeNodes=null), CourseCategoryTreeDto(childrenTreeNodes=null), CourseCategoryTreeDto(childrenTreeNodes=null), CourseCategoryTreeDto(childrenTreeNodes=null), CourseCategoryTreeDto(childrenTreeNodes=null), CourseCategoryTreeDto(childrenTreeNodes=null), CourseCategoryTreeDto(childrenTreeNodes=null), CourseCategoryTreeDto(childrenTreeNodes=null), CourseCategoryTreeDto(childrenTreeNodes=null), CourseCategoryTreeDto(childrenTreeNodes=null), CourseCategoryTreeDto(childrenTreeNodes=null), CourseCategoryTreeDto(childrenTreeNodes=null), CourseCategoryTreeDto(childrenTreeNodes=null), CourseCategoryTreeDto(childrenTreeNodes=null), CourseCategoryTreeDto(childrenTreeNodes=null), CourseCategoryTreeDto(childrenTreeNodes=null), CourseCategoryTreeDto(childrenTreeNodes=null), CourseCategoryTreeDto(childrenTreeNodes=null), CourseCategoryTreeDto(childrenTreeNodes=null), CourseCategoryTreeDto(childrenTreeNodes=null), CourseCategoryTreeDto(childrenTreeNodes=null)]
