2024-09-06 15:11:24,585 INFO [com.alibaba.nacos.naming.beat.sender][NamingProxy.java:230] - [REGISTER-SERVICE] dev registering service springboot-xue-project@@system-api with instance: Instance{instanceId='null', ip='10.10.133.65', port=63110, weight=1.0, healthy=true, enabled=true, ephemeral=true, clusterName='DEFAULT', serviceName='springboot-xue-project@@system-api', metadata={preserved.register.source=SPRING_CLOUD}}
2024-09-06 15:11:24,585 INFO [com.alibaba.nacos.naming.beat.sender][NamingProxy.java:230] - [REGISTER-SERVICE] dev registering service springboot-xue-project@@system-api with instance: Instance{instanceId='null', ip='10.10.133.65', port=63110, weight=1.0, healthy=true, enabled=true, ephemeral=true, clusterName='DEFAULT', serviceName='springboot-xue-project@@system-api', metadata={preserved.register.source=SPRING_CLOUD}}
2024-09-06 15:19:40,565 WARN [Thread-18][NotifyCenter.java:145] - [NotifyCenter] Start destroying Publisher
2024-09-06 15:19:40,565 WARN [Thread-12][HttpClientBeanHolder.java:108] - [HttpClientBeanHolder] Start destroying common HttpClient
2024-09-06 15:19:40,565 WARN [Thread-12][HttpClientBeanHolder.java:108] - [HttpClientBeanHolder] Start destroying common HttpClient
2024-09-06 15:19:40,565 WARN [Thread-18][NotifyCenter.java:145] - [NotifyCenter] Start destroying Publisher
2024-09-06 15:19:40,569 WARN [Thread-18][NotifyCenter.java:162] - [NotifyCenter] Destruction of the end
2024-09-06 15:19:40,569 WARN [Thread-18][NotifyCenter.java:162] - [NotifyCenter] Destruction of the end
2024-09-06 15:19:40,575 WARN [Thread-12][HttpClientBeanHolder.java:114] - [HttpClientBeanHolder] Destruction of the end
2024-09-06 15:19:40,575 WARN [Thread-12][HttpClientBeanHolder.java:114] - [HttpClientBeanHolder] Destruction of the end
2024-09-06 15:19:40,651 INFO [SpringContextShutdownHook][ExecutorConfigurationSupport.java:218] - Shutting down ExecutorService 'Nacos-Watch-Task-Scheduler'
2024-09-06 15:19:40,651 INFO [SpringContextShutdownHook][ExecutorConfigurationSupport.java:218] - Shutting down ExecutorService 'Nacos-Watch-Task-Scheduler'
2024-09-06 15:19:40,657 INFO [SpringContextShutdownHook][ExecutorConfigurationSupport.java:218] - Shutting down ExecutorService 'taskScheduler'
2024-09-06 15:19:40,657 INFO [SpringContextShutdownHook][ExecutorConfigurationSupport.java:218] - Shutting down ExecutorService 'taskScheduler'
2024-09-06 15:19:40,659 INFO [SpringContextShutdownHook][NacosServiceRegistry.java:94] - De-registering from Nacos Server now...
2024-09-06 15:19:40,659 INFO [SpringContextShutdownHook][NacosServiceRegistry.java:94] - De-registering from Nacos Server now...
2024-09-06 15:19:40,660 INFO [SpringContextShutdownHook][BeatReactor.java:101] - [BEAT] removing beat: springboot-xue-project@@system-api:10.10.133.65:63110 from beat map.
2024-09-06 15:19:40,660 INFO [SpringContextShutdownHook][BeatReactor.java:101] - [BEAT] removing beat: springboot-xue-project@@system-api:10.10.133.65:63110 from beat map.
2024-09-06 15:19:40,660 INFO [SpringContextShutdownHook][NamingProxy.java:260] - [DEREGISTER-SERVICE] dev deregistering service springboot-xue-project@@system-api with instance: Instance{instanceId='null', ip='10.10.133.65', port=63110, weight=1.0, healthy=true, enabled=true, ephemeral=true, clusterName='DEFAULT', serviceName='null', metadata={}}
2024-09-06 15:19:40,660 INFO [SpringContextShutdownHook][NamingProxy.java:260] - [DEREGISTER-SERVICE] dev deregistering service springboot-xue-project@@system-api with instance: Instance{instanceId='null', ip='10.10.133.65', port=63110, weight=1.0, healthy=true, enabled=true, ephemeral=true, clusterName='DEFAULT', serviceName='null', metadata={}}
2024-09-06 15:19:40,666 INFO [SpringContextShutdownHook][NacosServiceRegistry.java:114] - De-registration finished.
2024-09-06 15:19:40,666 INFO [SpringContextShutdownHook][NacosServiceRegistry.java:114] - De-registration finished.
2024-09-06 15:19:40,667 INFO [SpringContextShutdownHook][BeatReactor.java:147] - com.alibaba.nacos.client.naming.beat.BeatReactor do shutdown begin
2024-09-06 15:19:40,667 INFO [SpringContextShutdownHook][BeatReactor.java:147] - com.alibaba.nacos.client.naming.beat.BeatReactor do shutdown begin
2024-09-06 15:19:43,678 INFO [SpringContextShutdownHook][BeatReactor.java:149] - com.alibaba.nacos.client.naming.beat.BeatReactor do shutdown stop
2024-09-06 15:19:43,678 INFO [SpringContextShutdownHook][BeatReactor.java:149] - com.alibaba.nacos.client.naming.beat.BeatReactor do shutdown stop
2024-09-06 15:19:43,678 INFO [SpringContextShutdownHook][HostReactor.java:413] - com.alibaba.nacos.client.naming.core.HostReactor do shutdown begin
2024-09-06 15:19:43,678 INFO [SpringContextShutdownHook][HostReactor.java:413] - com.alibaba.nacos.client.naming.core.HostReactor do shutdown begin
2024-09-06 15:19:44,204 INFO [com.alibaba.nacos.client.naming.updater][HostReactor.java:238] - removed ips(1) service: springboot-xue-project@@system-api@@DEFAULT -> [{"instanceId":"10.10.133.65#63110#DEFAULT#springboot-xue-project@@system-api","ip":"10.10.133.65","port":63110,"weight":1.0,"healthy":true,"enabled":true,"ephemeral":true,"clusterName":"DEFAULT","serviceName":"springboot-xue-project@@system-api","metadata":{"preserved.register.source":"SPRING_CLOUD"},"ipDeleteTimeout":30000,"instanceHeartBeatTimeOut":15000,"instanceHeartBeatInterval":5000}]
2024-09-06 15:19:44,204 INFO [com.alibaba.nacos.client.naming.updater][HostReactor.java:238] - removed ips(1) service: springboot-xue-project@@system-api@@DEFAULT -> [{"instanceId":"10.10.133.65#63110#DEFAULT#springboot-xue-project@@system-api","ip":"10.10.133.65","port":63110,"weight":1.0,"healthy":true,"enabled":true,"ephemeral":true,"clusterName":"DEFAULT","serviceName":"springboot-xue-project@@system-api","metadata":{"preserved.register.source":"SPRING_CLOUD"},"ipDeleteTimeout":30000,"instanceHeartBeatTimeOut":15000,"instanceHeartBeatInterval":5000}]
2024-09-06 15:19:44,208 INFO [com.alibaba.nacos.client.naming.updater][HostReactor.java:271] - current ips:(0) service: springboot-xue-project@@system-api@@DEFAULT -> []
2024-09-06 15:19:44,208 INFO [com.alibaba.nacos.client.naming.updater][HostReactor.java:271] - current ips:(0) service: springboot-xue-project@@system-api@@DEFAULT -> []
2024-09-06 15:19:44,209 INFO [SpringContextShutdownHook][PushReceiver.java:132] - com.alibaba.nacos.client.naming.core.PushReceiver do shutdown begin
2024-09-06 15:19:44,209 INFO [SpringContextShutdownHook][PushReceiver.java:132] - com.alibaba.nacos.client.naming.core.PushReceiver do shutdown begin
2024-09-06 15:19:47,218 INFO [SpringContextShutdownHook][PushReceiver.java:136] - com.alibaba.nacos.client.naming.core.PushReceiver do shutdown stop
2024-09-06 15:19:47,218 INFO [SpringContextShutdownHook][PushReceiver.java:136] - com.alibaba.nacos.client.naming.core.PushReceiver do shutdown stop
2024-09-06 15:19:47,218 INFO [SpringContextShutdownHook][FailoverReactor.java:132] - com.alibaba.nacos.client.naming.backups.FailoverReactor do shutdown begin
2024-09-06 15:19:47,218 INFO [SpringContextShutdownHook][FailoverReactor.java:132] - com.alibaba.nacos.client.naming.backups.FailoverReactor do shutdown begin
2024-09-06 15:19:47,219 INFO [SpringContextShutdownHook][FailoverReactor.java:134] - com.alibaba.nacos.client.naming.backups.FailoverReactor do shutdown stop
2024-09-06 15:19:47,219 INFO [SpringContextShutdownHook][FailoverReactor.java:134] - com.alibaba.nacos.client.naming.backups.FailoverReactor do shutdown stop
2024-09-06 15:19:47,219 INFO [SpringContextShutdownHook][HostReactor.java:418] - com.alibaba.nacos.client.naming.core.HostReactor do shutdown stop
2024-09-06 15:19:47,219 INFO [SpringContextShutdownHook][HostReactor.java:418] - com.alibaba.nacos.client.naming.core.HostReactor do shutdown stop
2024-09-06 15:19:47,220 INFO [SpringContextShutdownHook][NamingProxy.java:719] - com.alibaba.nacos.client.naming.net.NamingProxy do shutdown begin
2024-09-06 15:19:47,220 INFO [SpringContextShutdownHook][NamingProxy.java:719] - com.alibaba.nacos.client.naming.net.NamingProxy do shutdown begin
2024-09-06 15:19:47,220 WARN [SpringContextShutdownHook][NamingHttpClientManager.java:72] - [NamingHttpClientManager] Start destroying NacosRestTemplate
2024-09-06 15:19:47,220 WARN [SpringContextShutdownHook][NamingHttpClientManager.java:72] - [NamingHttpClientManager] Start destroying NacosRestTemplate
2024-09-06 15:19:47,221 WARN [SpringContextShutdownHook][NamingHttpClientManager.java:79] - [NamingHttpClientManager] Destruction of the end
2024-09-06 15:19:47,221 WARN [SpringContextShutdownHook][NamingHttpClientManager.java:79] - [NamingHttpClientManager] Destruction of the end
2024-09-06 15:19:47,221 INFO [SpringContextShutdownHook][CredentialWatcher.java:105] - [null] CredentialWatcher is stopped
2024-09-06 15:19:47,221 INFO [SpringContextShutdownHook][CredentialWatcher.java:105] - [null] CredentialWatcher is stopped
2024-09-06 15:19:47,221 INFO [SpringContextShutdownHook][CredentialService.java:98] - [null] CredentialService is freed
2024-09-06 15:19:47,221 INFO [SpringContextShutdownHook][CredentialService.java:98] - [null] CredentialService is freed
2024-09-06 15:19:47,221 INFO [SpringContextShutdownHook][NamingProxy.java:723] - com.alibaba.nacos.client.naming.net.NamingProxy do shutdown stop
2024-09-06 15:19:47,221 INFO [SpringContextShutdownHook][NamingProxy.java:723] - com.alibaba.nacos.client.naming.net.NamingProxy do shutdown stop
2024-09-06 15:19:47,222 WARN [SpringContextShutdownHook][DisposableBeanAdapter.java:349] - Destroy method 'close' on bean with name 'nacosServiceRegistry' threw an exception: java.lang.NullPointerException
2024-09-06 15:19:47,222 WARN [SpringContextShutdownHook][DisposableBeanAdapter.java:349] - Destroy method 'close' on bean with name 'nacosServiceRegistry' threw an exception: java.lang.NullPointerException
2024-09-06 15:19:47,226 INFO [SpringContextShutdownHook][ExecutorConfigurationSupport.java:218] - Shutting down ExecutorService 'applicationTaskExecutor'
2024-09-06 15:19:47,226 INFO [SpringContextShutdownHook][ExecutorConfigurationSupport.java:218] - Shutting down ExecutorService 'applicationTaskExecutor'
