2024-09-19 00:23:46,407 INFO PERFORMANCE:|0|0|-1|-1

2024-09-19 00:50:47,238 INFO PERFORMANCE:|0|0|-1|-1

2024-09-19 01:19:37,375 INFO PERFORMANCE:|0|0|-1|-1

2024-09-19 01:47:04,022 INFO PERFORMANCE:|0|0|-1|-1

2024-09-19 02:13:52,711 INFO PERFORMANCE:|0|0|-1|-1

2024-09-19 02:59:34,013 INFO PERFORMANCE:|0|0|-1|-1

2024-09-19 03:26:51,012 INFO PERFORMANCE:|0|0|-1|-1

2024-09-19 03:53:23,185 INFO PERFORMANCE:|0|0|-1|-1

2024-09-19 04:24:09,968 INFO PERFORMANCE:|0|0|-1|-1

2024-09-19 05:04:50,683 INFO PERFORMANCE:|0|0|-1|-1

2024-09-19 05:28:26,789 INFO PERFORMANCE:|0|0|-1|-1

2024-09-19 05:55:36,292 INFO PERFORMANCE:|0|0|-1|-1

2024-09-19 06:42:08,769 INFO PERFORMANCE:|0|0|-1|-1

2024-09-19 07:00:26,573 INFO PERFORMANCE:|0|0|-1|-1

2024-09-19 07:38:48,660 INFO PERFORMANCE:|0|0|-1|-1

2024-09-19 08:09:47,235 INFO PERFORMANCE:|0|0|-1|-1

2024-09-19 08:24:01,110 INFO PERFORMANCE:|0|0|-1|-1

2024-09-19 08:53:24,057 INFO PERFORMANCE:|0|0|-1|-1

2024-09-19 09:10:05,731 INFO PERFORMANCE:|0|0|-1|-1

2024-09-19 09:15:05,515 INFO PERFORMANCE:|0|0|-1|-1

2024-09-19 09:23:00,548 INFO PERFORMANCE:|0|0|-1|-1

2024-09-19 09:28:00,328 INFO PERFORMANCE:|0|0|-1|-1

2024-09-19 09:33:00,107 INFO PERFORMANCE:|0|0|-1|-1

2024-09-19 09:37:59,888 INFO PERFORMANCE:|0|0|-1|-1

2024-09-19 09:43:00,140 INFO PERFORMANCE:|0|0|-1|-1

2024-09-19 09:47:59,921 INFO PERFORMANCE:|0|0|-1|-1

2024-09-19 10:06:54,815 INFO PERFORMANCE:|0|0|-1|-1

2024-09-19 10:11:54,596 INFO PERFORMANCE:|0|0|-1|-1

2024-09-19 10:16:54,375 INFO PERFORMANCE:|0|0|-1|-1

2024-09-19 10:21:54,155 INFO PERFORMANCE:|0|0|-1|-1

2024-09-19 10:26:53,940 INFO PERFORMANCE:|0|0|-1|-1

2024-09-19 10:31:53,719 INFO PERFORMANCE:|0|0|-1|-1

2024-09-19 10:36:53,501 INFO PERFORMANCE:|0|0|-1|-1

2024-09-19 10:41:53,284 INFO PERFORMANCE:|0|0|-1|-1

2024-09-19 10:46:53,064 INFO PERFORMANCE:|0|0|-1|-1

2024-09-19 10:51:52,849 INFO PERFORMANCE:|0|0|-1|-1

2024-09-19 10:56:52,632 INFO PERFORMANCE:|0|0|-1|-1

2024-09-19 11:01:52,411 INFO PERFORMANCE:|0|0|-1|-1

2024-09-19 11:21:35,377 INFO PERFORMANCE:|0|0|-1|-1

2024-09-19 11:46:35,199 INFO PERFORMANCE:|0|0|-1|-1

2024-09-19 12:13:40,710 INFO PERFORMANCE:|0|0|-1|-1

2024-09-19 12:31:01,322 INFO PERFORMANCE:|0|0|-1|-1

2024-09-19 12:54:15,131 INFO PERFORMANCE:|0|0|-1|-1

2024-09-19 13:11:16,836 INFO PERFORMANCE:|0|0|-1|-1

2024-09-19 13:16:16,616 INFO PERFORMANCE:|0|0|-1|-1

2024-09-19 13:21:16,398 INFO PERFORMANCE:|0|0|-1|-1

2024-09-19 13:26:16,178 INFO PERFORMANCE:|0|0|-1|-1

2024-09-19 13:31:15,961 INFO PERFORMANCE:|0|0|-1|-1

2024-09-19 13:36:15,741 INFO PERFORMANCE:|0|0|-1|-1

2024-09-19 13:41:15,523 INFO PERFORMANCE:|0|0|-1|-1

2024-09-19 13:46:15,305 INFO PERFORMANCE:|0|0|-1|-1

2024-09-19 13:51:15,085 INFO PERFORMANCE:|0|0|-1|-1

2024-09-19 13:56:14,867 INFO PERFORMANCE:|0|0|-1|-1

2024-09-19 14:01:35,350 INFO PERFORMANCE:|0|0|-1|-1

2024-09-19 14:06:35,133 INFO PERFORMANCE:|0|0|-1|-1

2024-09-19 14:11:34,912 INFO PERFORMANCE:|0|0|-1|-1

2024-09-19 14:16:34,695 INFO PERFORMANCE:|0|0|-1|-1

2024-09-19 14:21:34,474 INFO PERFORMANCE:|0|0|-1|-1

2024-09-19 14:26:34,255 INFO PERFORMANCE:|0|0|-1|-1

2024-09-19 14:31:34,044 INFO PERFORMANCE:|0|0|-1|-1

2024-09-19 14:36:33,831 INFO PERFORMANCE:|0|0|-1|-1

2024-09-19 14:41:33,611 INFO PERFORMANCE:|0|0|-1|-1

2024-09-19 14:46:33,401 INFO PERFORMANCE:|0|0|-1|-1

2024-09-19 14:51:33,192 INFO PERFORMANCE:|0|0|-1|-1

2024-09-19 14:56:32,975 INFO PERFORMANCE:|0|0|-1|-1

2024-09-19 15:01:37,707 INFO PERFORMANCE:|0|0|-1|-1

2024-09-19 15:06:37,487 INFO PERFORMANCE:|0|0|-1|-1

2024-09-19 15:11:37,269 INFO PERFORMANCE:|0|0|-1|-1

2024-09-19 15:16:37,048 INFO PERFORMANCE:|0|0|-1|-1

2024-09-19 15:21:36,830 INFO PERFORMANCE:|0|0|-1|-1

2024-09-19 15:26:36,609 INFO PERFORMANCE:|0|0|-1|-1

2024-09-19 15:31:36,389 INFO PERFORMANCE:|0|0|-1|-1

2024-09-19 15:36:36,169 INFO PERFORMANCE:|0|0|-1|-1

2024-09-19 15:41:35,954 INFO PERFORMANCE:|0|0|-1|-1

2024-09-19 15:46:35,733 INFO PERFORMANCE:|0|0|-1|-1

2024-09-19 15:51:35,514 INFO PERFORMANCE:|0|0|-1|-1

2024-09-19 15:56:35,295 INFO PERFORMANCE:|0|0|-1|-1

2024-09-19 16:01:35,075 INFO PERFORMANCE:|0|0|-1|-1

2024-09-19 16:06:34,857 INFO PERFORMANCE:|0|0|-1|-1

2024-09-19 16:11:34,636 INFO PERFORMANCE:|0|0|-1|-1

2024-09-19 16:16:34,420 INFO PERFORMANCE:|0|0|-1|-1

2024-09-19 16:21:34,201 INFO PERFORMANCE:|0|0|-1|-1

2024-09-19 16:26:33,988 INFO PERFORMANCE:|0|0|-1|-1

2024-09-19 16:31:33,767 INFO PERFORMANCE:|0|0|-1|-1

2024-09-19 16:40:41,349 INFO PERFORMANCE:|0|0|-1|-1

2024-09-19 16:45:41,148 INFO PERFORMANCE:|0|0|-1|-1

2024-09-19 16:50:40,935 INFO PERFORMANCE:|0|0|-1|-1

2024-09-19 16:55:40,718 INFO PERFORMANCE:|0|0|-1|-1

2024-09-19 17:00:40,499 INFO PERFORMANCE:|0|0|-1|-1

2024-09-19 17:05:40,282 INFO PERFORMANCE:|0|0|-1|-1

2024-09-19 17:10:40,061 INFO PERFORMANCE:|0|0|-1|-1

2024-09-19 17:15:40,021 INFO PERFORMANCE:|0|0|-1|-1

2024-09-19 17:20:39,806 INFO PERFORMANCE:|0|0|-1|-1

2024-09-19 17:25:39,586 INFO PERFORMANCE:|0|0|-1|-1

2024-09-19 17:30:39,367 INFO PERFORMANCE:|0|0|-1|-1

2024-09-19 17:35:39,148 INFO PERFORMANCE:|0|0|-1|-1

2024-09-19 17:40:38,931 INFO PERFORMANCE:|0|0|-1|-1

2024-09-19 17:45:38,711 INFO PERFORMANCE:|0|0|-1|-1

2024-09-19 17:50:38,491 INFO PERFORMANCE:|0|0|-1|-1

2024-09-19 17:55:38,272 INFO PERFORMANCE:|0|0|-1|-1

2024-09-19 18:00:38,053 INFO PERFORMANCE:|0|0|-1|-1

2024-09-19 18:05:37,835 INFO PERFORMANCE:|0|0|-1|-1

2024-09-19 18:10:37,618 INFO PERFORMANCE:|0|0|-1|-1

2024-09-19 19:51:25,980 INFO PERFORMANCE:|0|0|-1|-1

2024-09-19 20:52:14,103 INFO PERFORMANCE:|0|0|-1|-1

2024-09-19 21:09:03,183 INFO PERFORMANCE:|0|0|-1|-1

2024-09-19 21:14:03,201 INFO PERFORMANCE:|0|0|-1|-1

2024-09-19 21:19:02,983 INFO PERFORMANCE:|0|0|-1|-1

2024-09-19 21:24:02,764 INFO PERFORMANCE:|0|0|-1|-1

2024-09-19 21:29:02,694 INFO PERFORMANCE:|0|0|-1|-1

2024-09-19 21:34:02,474 INFO PERFORMANCE:|0|0|-1|-1

2024-09-19 21:39:02,255 INFO PERFORMANCE:|0|0|-1|-1

2024-09-19 21:44:02,035 INFO PERFORMANCE:|0|0|-1|-1

2024-09-19 21:49:01,817 INFO PERFORMANCE:|0|0|-1|-1

2024-09-19 21:54:01,598 INFO PERFORMANCE:|0|0|-1|-1

2024-09-19 21:59:01,379 INFO PERFORMANCE:|0|0|-1|-1

2024-09-19 22:04:01,160 INFO PERFORMANCE:|0|0|-1|-1

