2024-09-06 11:17:01,683 INFO [background-preinit][Version.java:21] - HV000001: Hibernate Validator 6.1.6.Final
2024-09-06 11:17:01,683 INFO [background-preinit][Version.java:21] - HV000001: Hibernate Validator 6.1.6.Final
2024-09-06 11:17:02,076 INFO [main][SpringApplication.java:651] - No active profile set, falling back to default profiles: default
2024-09-06 11:17:02,076 INFO [main][SpringApplication.java:651] - No active profile set, falling back to default profiles: default
2024-09-06 11:17:02,751 INFO [main][GenericScope.java:295] - BeanFactory id=47278d3f-3ef5-3011-9220-02fb98f70262
2024-09-06 11:17:02,751 INFO [main][GenericScope.java:295] - BeanFactory id=47278d3f-3ef5-3011-9220-02fb98f70262
2024-09-06 11:17:03,040 INFO [main][TomcatWebServer.java:108] - Tomcat initialized with port(s): 63110 (http)
2024-09-06 11:17:03,040 INFO [main][TomcatWebServer.java:108] - Tomcat initialized with port(s): 63110 (http)
2024-09-06 11:17:03,051 INFO [main][DirectJDKLog.java:173] - Initializing ProtocolHandler ["http-nio-63110"]
2024-09-06 11:17:03,051 INFO [main][DirectJDKLog.java:173] - Initializing ProtocolHandler ["http-nio-63110"]
2024-09-06 11:17:03,052 INFO [main][DirectJDKLog.java:173] - Starting service [Tomcat]
2024-09-06 11:17:03,052 INFO [main][DirectJDKLog.java:173] - Starting service [Tomcat]
2024-09-06 11:17:03,052 INFO [main][DirectJDKLog.java:173] - Starting Servlet engine: [Apache Tomcat/9.0.41]
2024-09-06 11:17:03,052 INFO [main][DirectJDKLog.java:173] - Starting Servlet engine: [Apache Tomcat/9.0.41]
2024-09-06 11:17:03,137 INFO [main][DirectJDKLog.java:173] - Initializing Spring embedded WebApplicationContext
2024-09-06 11:17:03,137 INFO [main][DirectJDKLog.java:173] - Initializing Spring embedded WebApplicationContext
2024-09-06 11:17:03,137 INFO [main][ServletWebServerApplicationContext.java:285] - Root WebApplicationContext: initialization completed in 1045 ms
2024-09-06 11:17:03,137 INFO [main][ServletWebServerApplicationContext.java:285] - Root WebApplicationContext: initialization completed in 1045 ms
2024-09-06 11:17:03,989 INFO [main][PropertySourcedRequestMappingHandlerMapping.java:69] - Mapped URL path [/v2/api-docs] onto method [springfox.documentation.swagger2.web.Swagger2Controller#getDocumentation(String, HttpServletRequest)]
2024-09-06 11:17:03,989 INFO [main][PropertySourcedRequestMappingHandlerMapping.java:69] - Mapped URL path [/v2/api-docs] onto method [springfox.documentation.swagger2.web.Swagger2Controller#getDocumentation(String, HttpServletRequest)]
2024-09-06 11:17:04,099 INFO [main][ExecutorConfigurationSupport.java:181] - Initializing ExecutorService 'applicationTaskExecutor'
2024-09-06 11:17:04,099 INFO [main][ExecutorConfigurationSupport.java:181] - Initializing ExecutorService 'applicationTaskExecutor'
2024-09-06 11:17:04,228 INFO [main][ExecutorConfigurationSupport.java:181] - Initializing ExecutorService 'taskScheduler'
2024-09-06 11:17:04,228 INFO [main][ExecutorConfigurationSupport.java:181] - Initializing ExecutorService 'taskScheduler'
2024-09-06 11:17:04,300 INFO [main][DirectJDKLog.java:173] - Starting ProtocolHandler ["http-nio-63110"]
2024-09-06 11:17:04,300 INFO [main][DirectJDKLog.java:173] - Starting ProtocolHandler ["http-nio-63110"]
2024-09-06 11:17:04,321 INFO [main][TomcatWebServer.java:220] - Tomcat started on port(s): 63110 (http) with context path '/system'
2024-09-06 11:17:04,321 INFO [main][TomcatWebServer.java:220] - Tomcat started on port(s): 63110 (http) with context path '/system'
2024-09-06 11:17:04,322 INFO [main][DocumentationPluginsBootstrapper.java:160] - Context refreshed
2024-09-06 11:17:04,322 INFO [main][DocumentationPluginsBootstrapper.java:160] - Context refreshed
2024-09-06 11:17:04,337 INFO [main][DocumentationPluginsBootstrapper.java:163] - Found 1 custom documentation plugin(s)
2024-09-06 11:17:04,337 INFO [main][DocumentationPluginsBootstrapper.java:163] - Found 1 custom documentation plugin(s)
2024-09-06 11:17:04,369 INFO [main][ApiListingReferenceScanner.java:41] - Scanning for api listing references
2024-09-06 11:17:04,369 INFO [main][ApiListingReferenceScanner.java:41] - Scanning for api listing references
2024-09-06 11:17:04,523 INFO [main][StartupInfoLogger.java:61] - Started SystemApplication in 3.256 seconds (JVM running for 4.14)
2024-09-06 11:17:04,523 INFO [main][StartupInfoLogger.java:61] - Started SystemApplication in 3.256 seconds (JVM running for 4.14)
2024-09-06 11:17:40,318 INFO [SpringContextShutdownHook][ExecutorConfigurationSupport.java:218] - Shutting down ExecutorService 'taskScheduler'
2024-09-06 11:17:40,318 INFO [SpringContextShutdownHook][ExecutorConfigurationSupport.java:218] - Shutting down ExecutorService 'taskScheduler'
2024-09-06 11:17:40,320 INFO [SpringContextShutdownHook][ExecutorConfigurationSupport.java:218] - Shutting down ExecutorService 'applicationTaskExecutor'
2024-09-06 11:17:40,320 INFO [SpringContextShutdownHook][ExecutorConfigurationSupport.java:218] - Shutting down ExecutorService 'applicationTaskExecutor'
2024-09-06 11:18:10,051 INFO [background-preinit][Version.java:21] - HV000001: Hibernate Validator 6.1.6.Final
2024-09-06 11:18:10,051 INFO [background-preinit][Version.java:21] - HV000001: Hibernate Validator 6.1.6.Final
2024-09-06 11:18:10,449 INFO [main][SpringApplication.java:651] - No active profile set, falling back to default profiles: default
2024-09-06 11:18:10,449 INFO [main][SpringApplication.java:651] - No active profile set, falling back to default profiles: default
2024-09-06 11:18:11,137 INFO [main][GenericScope.java:295] - BeanFactory id=07678b35-38a4-3654-aebb-7f8771c91fe4
2024-09-06 11:18:11,137 INFO [main][GenericScope.java:295] - BeanFactory id=07678b35-38a4-3654-aebb-7f8771c91fe4
2024-09-06 11:18:11,441 INFO [main][TomcatWebServer.java:108] - Tomcat initialized with port(s): 63040 (http)
2024-09-06 11:18:11,441 INFO [main][TomcatWebServer.java:108] - Tomcat initialized with port(s): 63040 (http)
2024-09-06 11:18:11,449 INFO [main][DirectJDKLog.java:173] - Initializing ProtocolHandler ["http-nio-63040"]
2024-09-06 11:18:11,449 INFO [main][DirectJDKLog.java:173] - Initializing ProtocolHandler ["http-nio-63040"]
2024-09-06 11:18:11,449 INFO [main][DirectJDKLog.java:173] - Starting service [Tomcat]
2024-09-06 11:18:11,449 INFO [main][DirectJDKLog.java:173] - Starting service [Tomcat]
2024-09-06 11:18:11,450 INFO [main][DirectJDKLog.java:173] - Starting Servlet engine: [Apache Tomcat/9.0.41]
2024-09-06 11:18:11,450 INFO [main][DirectJDKLog.java:173] - Starting Servlet engine: [Apache Tomcat/9.0.41]
2024-09-06 11:18:11,526 INFO [main][DirectJDKLog.java:173] - Initializing Spring embedded WebApplicationContext
2024-09-06 11:18:11,526 INFO [main][DirectJDKLog.java:173] - Initializing Spring embedded WebApplicationContext
2024-09-06 11:18:11,527 INFO [main][ServletWebServerApplicationContext.java:285] - Root WebApplicationContext: initialization completed in 1063 ms
2024-09-06 11:18:11,527 INFO [main][ServletWebServerApplicationContext.java:285] - Root WebApplicationContext: initialization completed in 1063 ms
2024-09-06 11:18:12,298 INFO [main][PropertySourcedRequestMappingHandlerMapping.java:69] - Mapped URL path [/v2/api-docs] onto method [springfox.documentation.swagger2.web.Swagger2Controller#getDocumentation(String, HttpServletRequest)]
2024-09-06 11:18:12,298 INFO [main][PropertySourcedRequestMappingHandlerMapping.java:69] - Mapped URL path [/v2/api-docs] onto method [springfox.documentation.swagger2.web.Swagger2Controller#getDocumentation(String, HttpServletRequest)]
2024-09-06 11:18:12,389 INFO [main][ExecutorConfigurationSupport.java:181] - Initializing ExecutorService 'applicationTaskExecutor'
2024-09-06 11:18:12,389 INFO [main][ExecutorConfigurationSupport.java:181] - Initializing ExecutorService 'applicationTaskExecutor'
2024-09-06 11:18:12,597 INFO [main][DirectJDKLog.java:173] - Starting ProtocolHandler ["http-nio-63040"]
2024-09-06 11:18:12,597 INFO [main][DirectJDKLog.java:173] - Starting ProtocolHandler ["http-nio-63040"]
2024-09-06 11:18:12,625 INFO [main][TomcatWebServer.java:220] - Tomcat started on port(s): 63040 (http) with context path '/content'
2024-09-06 11:18:12,625 INFO [main][TomcatWebServer.java:220] - Tomcat started on port(s): 63040 (http) with context path '/content'
2024-09-06 11:18:12,627 INFO [main][DocumentationPluginsBootstrapper.java:160] - Context refreshed
2024-09-06 11:18:12,627 INFO [main][DocumentationPluginsBootstrapper.java:160] - Context refreshed
2024-09-06 11:18:12,639 INFO [main][DocumentationPluginsBootstrapper.java:163] - Found 1 custom documentation plugin(s)
2024-09-06 11:18:12,639 INFO [main][DocumentationPluginsBootstrapper.java:163] - Found 1 custom documentation plugin(s)
2024-09-06 11:18:12,664 INFO [main][ApiListingReferenceScanner.java:41] - Scanning for api listing references
2024-09-06 11:18:12,664 INFO [main][ApiListingReferenceScanner.java:41] - Scanning for api listing references
2024-09-06 11:18:12,845 INFO [main][StartupInfoLogger.java:61] - Started ContentApplication in 3.184 seconds (JVM running for 3.994)
2024-09-06 11:18:12,845 INFO [main][StartupInfoLogger.java:61] - Started ContentApplication in 3.184 seconds (JVM running for 3.994)
2024-09-06 11:18:24,940 INFO [background-preinit][Version.java:21] - HV000001: Hibernate Validator 6.1.6.Final
2024-09-06 11:18:24,940 INFO [background-preinit][Version.java:21] - HV000001: Hibernate Validator 6.1.6.Final
2024-09-06 11:18:25,421 INFO [main][SpringApplication.java:651] - No active profile set, falling back to default profiles: default
2024-09-06 11:18:25,421 INFO [main][SpringApplication.java:651] - No active profile set, falling back to default profiles: default
2024-09-06 11:18:26,111 INFO [main][GenericScope.java:295] - BeanFactory id=47278d3f-3ef5-3011-9220-02fb98f70262
2024-09-06 11:18:26,111 INFO [main][GenericScope.java:295] - BeanFactory id=47278d3f-3ef5-3011-9220-02fb98f70262
2024-09-06 11:18:26,363 INFO [main][TomcatWebServer.java:108] - Tomcat initialized with port(s): 63110 (http)
2024-09-06 11:18:26,363 INFO [main][TomcatWebServer.java:108] - Tomcat initialized with port(s): 63110 (http)
2024-09-06 11:18:26,371 INFO [main][DirectJDKLog.java:173] - Initializing ProtocolHandler ["http-nio-63110"]
2024-09-06 11:18:26,371 INFO [main][DirectJDKLog.java:173] - Initializing ProtocolHandler ["http-nio-63110"]
2024-09-06 11:18:26,372 INFO [main][DirectJDKLog.java:173] - Starting service [Tomcat]
2024-09-06 11:18:26,372 INFO [main][DirectJDKLog.java:173] - Starting service [Tomcat]
2024-09-06 11:18:26,372 INFO [main][DirectJDKLog.java:173] - Starting Servlet engine: [Apache Tomcat/9.0.41]
2024-09-06 11:18:26,372 INFO [main][DirectJDKLog.java:173] - Starting Servlet engine: [Apache Tomcat/9.0.41]
2024-09-06 11:18:26,448 INFO [main][DirectJDKLog.java:173] - Initializing Spring embedded WebApplicationContext
2024-09-06 11:18:26,448 INFO [main][DirectJDKLog.java:173] - Initializing Spring embedded WebApplicationContext
2024-09-06 11:18:26,448 INFO [main][ServletWebServerApplicationContext.java:285] - Root WebApplicationContext: initialization completed in 1010 ms
2024-09-06 11:18:26,448 INFO [main][ServletWebServerApplicationContext.java:285] - Root WebApplicationContext: initialization completed in 1010 ms
2024-09-06 11:18:27,149 INFO [main][PropertySourcedRequestMappingHandlerMapping.java:69] - Mapped URL path [/v2/api-docs] onto method [springfox.documentation.swagger2.web.Swagger2Controller#getDocumentation(String, HttpServletRequest)]
2024-09-06 11:18:27,149 INFO [main][PropertySourcedRequestMappingHandlerMapping.java:69] - Mapped URL path [/v2/api-docs] onto method [springfox.documentation.swagger2.web.Swagger2Controller#getDocumentation(String, HttpServletRequest)]
2024-09-06 11:18:27,249 INFO [main][ExecutorConfigurationSupport.java:181] - Initializing ExecutorService 'applicationTaskExecutor'
2024-09-06 11:18:27,249 INFO [main][ExecutorConfigurationSupport.java:181] - Initializing ExecutorService 'applicationTaskExecutor'
2024-09-06 11:18:27,376 INFO [main][ExecutorConfigurationSupport.java:181] - Initializing ExecutorService 'taskScheduler'
2024-09-06 11:18:27,376 INFO [main][ExecutorConfigurationSupport.java:181] - Initializing ExecutorService 'taskScheduler'
2024-09-06 11:18:27,445 INFO [main][DirectJDKLog.java:173] - Starting ProtocolHandler ["http-nio-63110"]
2024-09-06 11:18:27,445 INFO [main][DirectJDKLog.java:173] - Starting ProtocolHandler ["http-nio-63110"]
2024-09-06 11:18:27,467 INFO [main][TomcatWebServer.java:220] - Tomcat started on port(s): 63110 (http) with context path '/system'
2024-09-06 11:18:27,467 INFO [main][TomcatWebServer.java:220] - Tomcat started on port(s): 63110 (http) with context path '/system'
2024-09-06 11:18:27,469 INFO [main][DocumentationPluginsBootstrapper.java:160] - Context refreshed
2024-09-06 11:18:27,469 INFO [main][DocumentationPluginsBootstrapper.java:160] - Context refreshed
2024-09-06 11:18:27,482 INFO [main][DocumentationPluginsBootstrapper.java:163] - Found 1 custom documentation plugin(s)
2024-09-06 11:18:27,482 INFO [main][DocumentationPluginsBootstrapper.java:163] - Found 1 custom documentation plugin(s)
2024-09-06 11:18:27,507 INFO [main][ApiListingReferenceScanner.java:41] - Scanning for api listing references
2024-09-06 11:18:27,507 INFO [main][ApiListingReferenceScanner.java:41] - Scanning for api listing references
2024-09-06 11:18:27,644 INFO [main][StartupInfoLogger.java:61] - Started SystemApplication in 3.109 seconds (JVM running for 3.882)
2024-09-06 11:18:27,644 INFO [main][StartupInfoLogger.java:61] - Started SystemApplication in 3.109 seconds (JVM running for 3.882)
2024-09-06 11:19:01,522 INFO [SpringContextShutdownHook][ExecutorConfigurationSupport.java:218] - Shutting down ExecutorService 'applicationTaskExecutor'
2024-09-06 11:19:01,522 INFO [SpringContextShutdownHook][ExecutorConfigurationSupport.java:218] - Shutting down ExecutorService 'applicationTaskExecutor'
2024-09-06 11:19:02,015 INFO [SpringContextShutdownHook][ExecutorConfigurationSupport.java:218] - Shutting down ExecutorService 'taskScheduler'
2024-09-06 11:19:02,015 INFO [SpringContextShutdownHook][ExecutorConfigurationSupport.java:218] - Shutting down ExecutorService 'taskScheduler'
2024-09-06 11:19:02,016 INFO [SpringContextShutdownHook][ExecutorConfigurationSupport.java:218] - Shutting down ExecutorService 'applicationTaskExecutor'
2024-09-06 11:19:02,016 INFO [SpringContextShutdownHook][ExecutorConfigurationSupport.java:218] - Shutting down ExecutorService 'applicationTaskExecutor'
