2024-09-05 00:00:30,679 INFO [background-preinit][Version.java:21] - HV000001: Hibernate Validator 6.1.6.Final
2024-09-05 00:00:30,679 INFO [background-preinit][Version.java:21] - HV000001: Hibernate Validator 6.1.6.Final
2024-09-05 00:00:31,127 INFO [main][SpringApplication.java:651] - No active profile set, falling back to default profiles: default
2024-09-05 00:00:31,127 INFO [main][SpringApplication.java:651] - No active profile set, falling back to default profiles: default
2024-09-05 00:00:31,855 INFO [main][GenericScope.java:295] - BeanFactory id=47278d3f-3ef5-3011-9220-02fb98f70262
2024-09-05 00:00:31,855 INFO [main][GenericScope.java:295] - BeanFactory id=47278d3f-3ef5-3011-9220-02fb98f70262
2024-09-05 00:00:32,159 INFO [main][TomcatWebServer.java:108] - Tomcat initialized with port(s): 63110 (http)
2024-09-05 00:00:32,159 INFO [main][TomcatWebServer.java:108] - Tomcat initialized with port(s): 63110 (http)
2024-09-05 00:00:32,172 INFO [main][DirectJDKLog.java:173] - Initializing ProtocolHandler ["http-nio-63110"]
2024-09-05 00:00:32,172 INFO [main][DirectJDKLog.java:173] - Initializing ProtocolHandler ["http-nio-63110"]
2024-09-05 00:00:32,173 INFO [main][DirectJDKLog.java:173] - Starting service [Tomcat]
2024-09-05 00:00:32,173 INFO [main][DirectJDKLog.java:173] - Starting service [Tomcat]
2024-09-05 00:00:32,174 INFO [main][DirectJDKLog.java:173] - Starting Servlet engine: [Apache Tomcat/9.0.41]
2024-09-05 00:00:32,174 INFO [main][DirectJDKLog.java:173] - Starting Servlet engine: [Apache Tomcat/9.0.41]
2024-09-05 00:00:32,257 INFO [main][DirectJDKLog.java:173] - Initializing Spring embedded WebApplicationContext
2024-09-05 00:00:32,257 INFO [main][DirectJDKLog.java:173] - Initializing Spring embedded WebApplicationContext
2024-09-05 00:00:32,257 INFO [main][ServletWebServerApplicationContext.java:285] - Root WebApplicationContext: initialization completed in 1114 ms
2024-09-05 00:00:32,257 INFO [main][ServletWebServerApplicationContext.java:285] - Root WebApplicationContext: initialization completed in 1114 ms
2024-09-05 00:00:33,030 INFO [main][PropertySourcedRequestMappingHandlerMapping.java:69] - Mapped URL path [/v2/api-docs] onto method [springfox.documentation.swagger2.web.Swagger2Controller#getDocumentation(String, HttpServletRequest)]
2024-09-05 00:00:33,030 INFO [main][PropertySourcedRequestMappingHandlerMapping.java:69] - Mapped URL path [/v2/api-docs] onto method [springfox.documentation.swagger2.web.Swagger2Controller#getDocumentation(String, HttpServletRequest)]
2024-09-05 00:00:33,140 INFO [main][ExecutorConfigurationSupport.java:181] - Initializing ExecutorService 'applicationTaskExecutor'
2024-09-05 00:00:33,140 INFO [main][ExecutorConfigurationSupport.java:181] - Initializing ExecutorService 'applicationTaskExecutor'
2024-09-05 00:00:33,278 INFO [main][ExecutorConfigurationSupport.java:181] - Initializing ExecutorService 'taskScheduler'
2024-09-05 00:00:33,278 INFO [main][ExecutorConfigurationSupport.java:181] - Initializing ExecutorService 'taskScheduler'
2024-09-05 00:00:33,343 INFO [main][DirectJDKLog.java:173] - Starting ProtocolHandler ["http-nio-63110"]
2024-09-05 00:00:33,343 INFO [main][DirectJDKLog.java:173] - Starting ProtocolHandler ["http-nio-63110"]
2024-09-05 00:00:33,365 INFO [main][TomcatWebServer.java:220] - Tomcat started on port(s): 63110 (http) with context path '/system'
2024-09-05 00:00:33,365 INFO [main][TomcatWebServer.java:220] - Tomcat started on port(s): 63110 (http) with context path '/system'
2024-09-05 00:00:33,366 INFO [main][DocumentationPluginsBootstrapper.java:160] - Context refreshed
2024-09-05 00:00:33,366 INFO [main][DocumentationPluginsBootstrapper.java:160] - Context refreshed
2024-09-05 00:00:33,383 INFO [main][DocumentationPluginsBootstrapper.java:163] - Found 1 custom documentation plugin(s)
2024-09-05 00:00:33,383 INFO [main][DocumentationPluginsBootstrapper.java:163] - Found 1 custom documentation plugin(s)
2024-09-05 00:00:33,419 INFO [main][ApiListingReferenceScanner.java:41] - Scanning for api listing references
2024-09-05 00:00:33,419 INFO [main][ApiListingReferenceScanner.java:41] - Scanning for api listing references
2024-09-05 00:00:33,588 INFO [main][StartupInfoLogger.java:61] - Started SystemApplication in 3.278 seconds (JVM running for 9.087)
2024-09-05 00:00:33,588 INFO [main][StartupInfoLogger.java:61] - Started SystemApplication in 3.278 seconds (JVM running for 9.087)
